DEB [20200908-09:36:08.652] thr=1   paramiko.transport: starting thread (server mode): 0x4865ce50
DEB [20200908-09:36:08.652] thr=1   paramiko.transport: Local version/idstring: SSH-2.0-paramiko_2.7.1
DEB [20200908-09:36:08.653] thr=1   paramiko.transport: Remote version/idstring: SSH-2.0-OpenSSH_8.3p1 Debian-1
INF [20200908-09:36:08.653] thr=1   paramiko.transport: Connected (version 2.0, client OpenSSH_8.3p1)
DEB [20200908-09:36:08.654] thr=1   paramiko.transport: kex algos:['curve25519-sha256', 'curve25519-sha256@libssh.org', 'ecdh-sha2-nistp256', 'ecdh-sha2-nistp384', 'ecdh-sha2-nistp521', 'diffie-hellman-group-exchange-sha256', 'diffie-hellman-group16-sha512', 'diffie-hellman-group18-sha512', 'diffie-hellman-group14-sha256', 'ext-info-c'] server key:['rsa-sha2-512-cert-v01@openssh.com', 'rsa-sha2-256-cert-v01@openssh.com', 'ssh-rsa-cert-v01@openssh.com', 'rsa-sha2-512', 'rsa-sha2-256', 'ssh-rsa', 'ecdsa-sha2-nistp256-cert-v01@openssh.com', 'ecdsa-sha2-nistp384-cert-v01@openssh.com', 'ecdsa-sha2-nistp521-cert-v01@openssh.com', 'sk-ecdsa-sha2-nistp256-cert-v01@openssh.com', 'ssh-ed25519-cert-v01@openssh.com', 'sk-ssh-ed25519-cert-v01@openssh.com', 'ecdsa-sha2-nistp256', 'ecdsa-sha2-nistp384', 'ecdsa-sha2-nistp521', 'sk-ecdsa-sha2-nistp256@openssh.com', 'ssh-ed25519', 'sk-ssh-ed25519@openssh.com'] client encrypt:['chacha20-poly1305@openssh.com', 'aes128-ctr', 'aes192-ctr', 'aes256-ctr', 'aes128-gcm@openssh.com', 'aes256-gcm@openssh.com'] server encrypt:['chacha20-poly1305@openssh.com', 'aes128-ctr', 'aes192-ctr', 'aes256-ctr', 'aes128-gcm@openssh.com', 'aes256-gcm@openssh.com'] client mac:['umac-64-etm@openssh.com', 'umac-128-etm@openssh.com', 'hmac-sha2-256-etm@openssh.com', 'hmac-sha2-512-etm@openssh.com', 'hmac-sha1-etm@openssh.com', 'umac-64@openssh.com', 'umac-128@openssh.com', 'hmac-sha2-256', 'hmac-sha2-512', 'hmac-sha1'] server mac:['umac-64-etm@openssh.com', 'umac-128-etm@openssh.com', 'hmac-sha2-256-etm@openssh.com', 'hmac-sha2-512-etm@openssh.com', 'hmac-sha1-etm@openssh.com', 'umac-64@openssh.com', 'umac-128@openssh.com', 'hmac-sha2-256', 'hmac-sha2-512', 'hmac-sha1'] client compress:['none', 'zlib@openssh.com', 'zlib'] server compress:['none', 'zlib@openssh.com', 'zlib'] client lang:[''] server lang:[''] kex follows?False
DEB [20200908-09:36:08.654] thr=1   paramiko.transport: Kex agreed: curve25519-sha256@libssh.org
DEB [20200908-09:36:08.654] thr=1   paramiko.transport: HostKey agreed: ssh-rsa
DEB [20200908-09:36:08.654] thr=1   paramiko.transport: Cipher agreed: aes128-ctr
DEB [20200908-09:36:08.655] thr=1   paramiko.transport: MAC agreed: hmac-sha2-256-etm@openssh.com
DEB [20200908-09:36:08.655] thr=1   paramiko.transport: Compression agreed: none
DEB [20200908-09:36:08.685] thr=1   paramiko.transport: kex engine KexCurve25519 specified hash_algo <built-in function openssl_sha256>
DEB [20200908-09:36:08.690] thr=1   paramiko.transport: Switch to new keys ...
DEB [20200908-09:36:08.691] thr=1   paramiko.transport: Auth request (type=none) service=ssh-connection, username=test
INF [20200908-09:36:08.691] thr=1   paramiko.transport: Auth rejected (none).
DEB [20200908-09:36:11.818] thr=1   paramiko.transport: Auth request (type=password) service=ssh-connection, username=test
INF [20200908-09:36:11.818] thr=1   paramiko.transport: Auth granted (password).
DEB [20200908-09:36:11.820] thr=1   paramiko.transport: [chan 0] Max packet in: 32768 bytes
DEB [20200908-09:36:11.821] thr=1   paramiko.transport: [chan 0] Max packet out: 16384 bytes
DEB [20200908-09:36:11.821] thr=1   paramiko.transport: Secsh channel 0 (session) opened.
DEB [20200908-09:36:11.821] thr=2   paramiko.transport: [chan 0] EOF sent (0)
DEB [20200908-09:36:11.824] thr=2   paramiko.transport: [chan 1] Max packet in: 32768 bytes
DEB [20200908-09:36:11.825] thr=1   paramiko.transport: EOF in transport thread
DEB [20200908-09:38:00.134] thr=1   paramiko.transport: starting thread (server mode): 0x3cc1ae50
DEB [20200908-09:38:00.135] thr=1   paramiko.transport: Local version/idstring: SSH-2.0-paramiko_2.7.1
DEB [20200908-09:38:00.135] thr=1   paramiko.transport: Remote version/idstring: SSH-2.0-OpenSSH_8.3p1 Debian-1
INF [20200908-09:38:00.135] thr=1   paramiko.transport: Connected (version 2.0, client OpenSSH_8.3p1)
DEB [20200908-09:38:00.136] thr=1   paramiko.transport: kex algos:['curve25519-sha256', 'curve25519-sha256@libssh.org', 'ecdh-sha2-nistp256', 'ecdh-sha2-nistp384', 'ecdh-sha2-nistp521', 'diffie-hellman-group-exchange-sha256', 'diffie-hellman-group16-sha512', 'diffie-hellman-group18-sha512', 'diffie-hellman-group14-sha256', 'ext-info-c'] server key:['rsa-sha2-512-cert-v01@openssh.com', 'rsa-sha2-256-cert-v01@openssh.com', 'ssh-rsa-cert-v01@openssh.com', 'rsa-sha2-512', 'rsa-sha2-256', 'ssh-rsa', 'ecdsa-sha2-nistp256-cert-v01@openssh.com', 'ecdsa-sha2-nistp384-cert-v01@openssh.com', 'ecdsa-sha2-nistp521-cert-v01@openssh.com', 'sk-ecdsa-sha2-nistp256-cert-v01@openssh.com', 'ssh-ed25519-cert-v01@openssh.com', 'sk-ssh-ed25519-cert-v01@openssh.com', 'ecdsa-sha2-nistp256', 'ecdsa-sha2-nistp384', 'ecdsa-sha2-nistp521', 'sk-ecdsa-sha2-nistp256@openssh.com', 'ssh-ed25519', 'sk-ssh-ed25519@openssh.com'] client encrypt:['chacha20-poly1305@openssh.com', 'aes128-ctr', 'aes192-ctr', 'aes256-ctr', 'aes128-gcm@openssh.com', 'aes256-gcm@openssh.com'] server encrypt:['chacha20-poly1305@openssh.com', 'aes128-ctr', 'aes192-ctr', 'aes256-ctr', 'aes128-gcm@openssh.com', 'aes256-gcm@openssh.com'] client mac:['umac-64-etm@openssh.com', 'umac-128-etm@openssh.com', 'hmac-sha2-256-etm@openssh.com', 'hmac-sha2-512-etm@openssh.com', 'hmac-sha1-etm@openssh.com', 'umac-64@openssh.com', 'umac-128@openssh.com', 'hmac-sha2-256', 'hmac-sha2-512', 'hmac-sha1'] server mac:['umac-64-etm@openssh.com', 'umac-128-etm@openssh.com', 'hmac-sha2-256-etm@openssh.com', 'hmac-sha2-512-etm@openssh.com', 'hmac-sha1-etm@openssh.com', 'umac-64@openssh.com', 'umac-128@openssh.com', 'hmac-sha2-256', 'hmac-sha2-512', 'hmac-sha1'] client compress:['none', 'zlib@openssh.com', 'zlib'] server compress:['none', 'zlib@openssh.com', 'zlib'] client lang:[''] server lang:[''] kex follows?False
DEB [20200908-09:38:00.137] thr=1   paramiko.transport: Kex agreed: curve25519-sha256@libssh.org
DEB [20200908-09:38:00.137] thr=1   paramiko.transport: HostKey agreed: ssh-rsa
DEB [20200908-09:38:00.137] thr=1   paramiko.transport: Cipher agreed: aes128-ctr
DEB [20200908-09:38:00.137] thr=1   paramiko.transport: MAC agreed: hmac-sha2-256-etm@openssh.com
DEB [20200908-09:38:00.137] thr=1   paramiko.transport: Compression agreed: none
DEB [20200908-09:38:00.168] thr=1   paramiko.transport: kex engine KexCurve25519 specified hash_algo <built-in function openssl_sha256>
DEB [20200908-09:38:00.174] thr=1   paramiko.transport: Switch to new keys ...
DEB [20200908-09:38:00.175] thr=1   paramiko.transport: Auth request (type=none) service=ssh-connection, username=test
INF [20200908-09:38:00.175] thr=1   paramiko.transport: Auth rejected (none).
DEB [20200908-09:38:03.810] thr=1   paramiko.transport: Auth request (type=password) service=ssh-connection, username=test
INF [20200908-09:38:03.811] thr=1   paramiko.transport: Auth granted (password).
DEB [20200908-09:38:03.812] thr=1   paramiko.transport: [chan 0] Max packet in: 32768 bytes
DEB [20200908-09:38:03.813] thr=1   paramiko.transport: [chan 0] Max packet out: 16384 bytes
DEB [20200908-09:38:03.813] thr=1   paramiko.transport: Secsh channel 0 (session) opened.
DEB [20200908-09:38:03.814] thr=2   paramiko.transport: [chan 0] EOF sent (0)
DEB [20200908-09:38:03.815] thr=2   paramiko.transport: [chan 1] Max packet in: 32768 bytes
ERR [20200908-09:38:03.857] thr=1   paramiko.transport: Secsh channel 1 open FAILED: open failed: Administratively prohibited
DEB [20200908-09:38:03.858] thr=1   paramiko.transport: EOF in transport thread
