DEB [20210113-08:45:45.928] thr=1   paramiko.transport: starting thread (server mode): 0x2169d1f0
DEB [20210113-08:45:45.929] thr=1   paramiko.transport: Local version/idstring: SSH-2.0-OpenSSH_6.6.1p1 Ubuntu-2ubuntu2
DEB [20210113-08:45:45.929] thr=1   paramiko.transport: Remote version/idstring: SSH-2.0-libssh_0.9.5
INF [20210113-08:45:45.929] thr=1   paramiko.transport: Connected (version 2.0, client libssh_0.9.5)
DEB [20210113-08:45:45.932] thr=1   paramiko.transport: kex algos:['curve25519-sha256', 'curve25519-sha256@libssh.org', 'ecdh-sha2-nistp256', 'ecdh-sha2-nistp384', 'ecdh-sha2-nistp521', 'diffie-hellman-group18-sha512', 'diffie-hellman-group16-sha512', 'diffie-hellman-group-exchange-sha256', 'diffie-hellman-group14-sha256', 'diffie-hellman-group14-sha1', 'diffie-hellman-group1-sha1', 'ext-info-c'] server key:['rsa-sha2-512', 'rsa-sha2-256', 'ssh-rsa', 'ssh-ed25519', 'ecdsa-sha2-nistp521', 'ecdsa-sha2-nistp384', 'ecdsa-sha2-nistp256', 'ssh-dss'] client encrypt:['aes256-gcm@openssh.com', 'aes128-gcm@openssh.com', 'aes256-ctr', 'aes192-ctr', 'aes128-ctr', 'aes256-cbc', 'aes192-cbc', 'aes128-cbc', '3des-cbc'] server encrypt:['aes256-gcm@openssh.com', 'aes128-gcm@openssh.com', 'aes256-ctr', 'aes192-ctr', 'aes128-ctr', 'aes256-cbc', 'aes192-cbc', 'aes128-cbc', '3des-cbc'] client mac:['hmac-sha2-256-etm@openssh.com', 'hmac-sha2-512-etm@openssh.com', 'hmac-sha1-etm@openssh.com', 'hmac-sha2-256', 'hmac-sha2-512', 'hmac-sha1'] server mac:['hmac-sha2-256-etm@openssh.com', 'hmac-sha2-512-etm@openssh.com', 'hmac-sha1-etm@openssh.com', 'hmac-sha2-256', 'hmac-sha2-512', 'hmac-sha1'] client compress:['none'] server compress:['none'] client lang:[''] server lang:[''] kex follows?False
DEB [20210113-08:45:45.932] thr=1   paramiko.transport: Kex agreed: curve25519-sha256@libssh.org
DEB [20210113-08:45:45.933] thr=1   paramiko.transport: HostKey agreed: ssh-rsa
DEB [20210113-08:45:45.933] thr=1   paramiko.transport: Cipher agreed: aes256-ctr
DEB [20210113-08:45:45.933] thr=1   paramiko.transport: MAC agreed: hmac-sha2-256-etm@openssh.com
DEB [20210113-08:45:45.933] thr=1   paramiko.transport: Compression agreed: none
DEB [20210113-08:45:45.948] thr=1   paramiko.transport: kex engine KexCurve25519 specified hash_algo <built-in function openssl_sha256>
DEB [20210113-08:45:45.948] thr=1   paramiko.transport: Switch to new keys ...
DEB [20210113-08:45:45.950] thr=1   paramiko.transport: Auth request (type=none) service=ssh-connection, username=test
INF [20210113-08:45:45.950] thr=1   paramiko.transport: Auth rejected (none).
INF [20210113-08:45:45.951] thr=1   paramiko.transport: Disconnect (code 11): Bye Bye
DEB [20210113-08:45:46.410] thr=2   paramiko.transport: starting thread (server mode): 0x217a7e20
DEB [20210113-08:45:46.410] thr=2   paramiko.transport: Local version/idstring: SSH-2.0-OpenSSH_6.6.1p1 Ubuntu-2ubuntu2
DEB [20210113-08:45:46.411] thr=2   paramiko.transport: Remote version/idstring: SSH-2.0-libssh_0.9.5
INF [20210113-08:45:46.411] thr=2   paramiko.transport: Connected (version 2.0, client libssh_0.9.5)
DEB [20210113-08:45:46.414] thr=2   paramiko.transport: kex algos:['curve25519-sha256', 'curve25519-sha256@libssh.org', 'ecdh-sha2-nistp256', 'ecdh-sha2-nistp384', 'ecdh-sha2-nistp521', 'diffie-hellman-group18-sha512', 'diffie-hellman-group16-sha512', 'diffie-hellman-group-exchange-sha256', 'diffie-hellman-group14-sha256', 'diffie-hellman-group14-sha1', 'diffie-hellman-group1-sha1', 'ext-info-c'] server key:['rsa-sha2-512', 'rsa-sha2-256', 'ssh-rsa', 'ssh-ed25519', 'ecdsa-sha2-nistp521', 'ecdsa-sha2-nistp384', 'ecdsa-sha2-nistp256', 'ssh-dss'] client encrypt:['aes256-gcm@openssh.com', 'aes128-gcm@openssh.com', 'aes256-ctr', 'aes192-ctr', 'aes128-ctr', 'aes256-cbc', 'aes192-cbc', 'aes128-cbc', '3des-cbc'] server encrypt:['aes256-gcm@openssh.com', 'aes128-gcm@openssh.com', 'aes256-ctr', 'aes192-ctr', 'aes128-ctr', 'aes256-cbc', 'aes192-cbc', 'aes128-cbc', '3des-cbc'] client mac:['hmac-sha2-256-etm@openssh.com', 'hmac-sha2-512-etm@openssh.com', 'hmac-sha1-etm@openssh.com', 'hmac-sha2-256', 'hmac-sha2-512', 'hmac-sha1'] server mac:['hmac-sha2-256-etm@openssh.com', 'hmac-sha2-512-etm@openssh.com', 'hmac-sha1-etm@openssh.com', 'hmac-sha2-256', 'hmac-sha2-512', 'hmac-sha1'] client compress:['none'] server compress:['none'] client lang:[''] server lang:[''] kex follows?False
DEB [20210113-08:45:46.414] thr=2   paramiko.transport: Kex agreed: curve25519-sha256@libssh.org
DEB [20210113-08:45:46.415] thr=2   paramiko.transport: HostKey agreed: ssh-rsa
DEB [20210113-08:45:46.415] thr=2   paramiko.transport: Cipher agreed: aes256-ctr
DEB [20210113-08:45:46.415] thr=2   paramiko.transport: MAC agreed: hmac-sha2-256-etm@openssh.com
DEB [20210113-08:45:46.415] thr=2   paramiko.transport: Compression agreed: none
DEB [20210113-08:45:46.425] thr=2   paramiko.transport: kex engine KexCurve25519 specified hash_algo <built-in function openssl_sha256>
DEB [20210113-08:45:46.426] thr=2   paramiko.transport: Switch to new keys ...
DEB [20210113-08:45:46.427] thr=2   paramiko.transport: Auth request (type=none) service=ssh-connection, username=test
INF [20210113-08:45:46.427] thr=2   paramiko.transport: Auth rejected (none).
DEB [20210113-08:45:46.428] thr=2   paramiko.transport: Auth request (type=password) service=ssh-connection, username=test
INF [20210113-08:45:46.428] thr=2   paramiko.transport: Auth rejected (password).
DEB [20210113-08:45:46.430] thr=2   paramiko.transport: EOF in transport thread
DEB [20210113-08:45:53.495] thr=3   paramiko.transport: starting thread (server mode): 0x21747280
DEB [20210113-08:45:53.496] thr=3   paramiko.transport: Local version/idstring: SSH-2.0-OpenSSH_6.6.1p1 Ubuntu-2ubuntu2
DEB [20210113-08:45:53.496] thr=3   paramiko.transport: Remote version/idstring: SSH-2.0-libssh_0.9.5
INF [20210113-08:45:53.496] thr=3   paramiko.transport: Connected (version 2.0, client libssh_0.9.5)
DEB [20210113-08:45:53.498] thr=3   paramiko.transport: kex algos:['curve25519-sha256', 'curve25519-sha256@libssh.org', 'ecdh-sha2-nistp256', 'ecdh-sha2-nistp384', 'ecdh-sha2-nistp521', 'diffie-hellman-group18-sha512', 'diffie-hellman-group16-sha512', 'diffie-hellman-group-exchange-sha256', 'diffie-hellman-group14-sha256', 'diffie-hellman-group14-sha1', 'diffie-hellman-group1-sha1', 'ext-info-c'] server key:['rsa-sha2-512', 'rsa-sha2-256', 'ssh-rsa', 'ssh-ed25519', 'ecdsa-sha2-nistp521', 'ecdsa-sha2-nistp384', 'ecdsa-sha2-nistp256', 'ssh-dss'] client encrypt:['aes256-gcm@openssh.com', 'aes128-gcm@openssh.com', 'aes256-ctr', 'aes192-ctr', 'aes128-ctr', 'aes256-cbc', 'aes192-cbc', 'aes128-cbc', '3des-cbc'] server encrypt:['aes256-gcm@openssh.com', 'aes128-gcm@openssh.com', 'aes256-ctr', 'aes192-ctr', 'aes128-ctr', 'aes256-cbc', 'aes192-cbc', 'aes128-cbc', '3des-cbc'] client mac:['hmac-sha2-256-etm@openssh.com', 'hmac-sha2-512-etm@openssh.com', 'hmac-sha1-etm@openssh.com', 'hmac-sha2-256', 'hmac-sha2-512', 'hmac-sha1'] server mac:['hmac-sha2-256-etm@openssh.com', 'hmac-sha2-512-etm@openssh.com', 'hmac-sha1-etm@openssh.com', 'hmac-sha2-256', 'hmac-sha2-512', 'hmac-sha1'] client compress:['none'] server compress:['none'] client lang:[''] server lang:[''] kex follows?False
DEB [20210113-08:45:53.499] thr=3   paramiko.transport: Kex agreed: curve25519-sha256@libssh.org
DEB [20210113-08:45:53.499] thr=3   paramiko.transport: HostKey agreed: ssh-rsa
DEB [20210113-08:45:53.499] thr=3   paramiko.transport: Cipher agreed: aes256-ctr
DEB [20210113-08:45:53.499] thr=3   paramiko.transport: MAC agreed: hmac-sha2-256-etm@openssh.com
DEB [20210113-08:45:53.499] thr=3   paramiko.transport: Compression agreed: none
DEB [20210113-08:45:53.516] thr=3   paramiko.transport: kex engine KexCurve25519 specified hash_algo <built-in function openssl_sha256>
DEB [20210113-08:45:53.517] thr=3   paramiko.transport: Switch to new keys ...
DEB [20210113-08:45:53.519] thr=3   paramiko.transport: Auth request (type=none) service=ssh-connection, username=test
INF [20210113-08:45:53.519] thr=3   paramiko.transport: Auth rejected (none).
INF [20210113-08:45:53.520] thr=3   paramiko.transport: Disconnect (code 11): Bye Bye
DEB [20210113-08:45:53.954] thr=4   paramiko.transport: starting thread (server mode): 0x216d1a60
DEB [20210113-08:45:53.954] thr=4   paramiko.transport: Local version/idstring: SSH-2.0-OpenSSH_6.6.1p1 Ubuntu-2ubuntu2
DEB [20210113-08:45:53.954] thr=4   paramiko.transport: Remote version/idstring: SSH-2.0-libssh_0.9.5
INF [20210113-08:45:53.955] thr=4   paramiko.transport: Connected (version 2.0, client libssh_0.9.5)
DEB [20210113-08:45:53.957] thr=4   paramiko.transport: kex algos:['curve25519-sha256', 'curve25519-sha256@libssh.org', 'ecdh-sha2-nistp256', 'ecdh-sha2-nistp384', 'ecdh-sha2-nistp521', 'diffie-hellman-group18-sha512', 'diffie-hellman-group16-sha512', 'diffie-hellman-group-exchange-sha256', 'diffie-hellman-group14-sha256', 'diffie-hellman-group14-sha1', 'diffie-hellman-group1-sha1', 'ext-info-c'] server key:['rsa-sha2-512', 'rsa-sha2-256', 'ssh-rsa', 'ssh-ed25519', 'ecdsa-sha2-nistp521', 'ecdsa-sha2-nistp384', 'ecdsa-sha2-nistp256', 'ssh-dss'] client encrypt:['aes256-gcm@openssh.com', 'aes128-gcm@openssh.com', 'aes256-ctr', 'aes192-ctr', 'aes128-ctr', 'aes256-cbc', 'aes192-cbc', 'aes128-cbc', '3des-cbc'] server encrypt:['aes256-gcm@openssh.com', 'aes128-gcm@openssh.com', 'aes256-ctr', 'aes192-ctr', 'aes128-ctr', 'aes256-cbc', 'aes192-cbc', 'aes128-cbc', '3des-cbc'] client mac:['hmac-sha2-256-etm@openssh.com', 'hmac-sha2-512-etm@openssh.com', 'hmac-sha1-etm@openssh.com', 'hmac-sha2-256', 'hmac-sha2-512', 'hmac-sha1'] server mac:['hmac-sha2-256-etm@openssh.com', 'hmac-sha2-512-etm@openssh.com', 'hmac-sha1-etm@openssh.com', 'hmac-sha2-256', 'hmac-sha2-512', 'hmac-sha1'] client compress:['none'] server compress:['none'] client lang:[''] server lang:[''] kex follows?False
DEB [20210113-08:45:53.957] thr=4   paramiko.transport: Kex agreed: curve25519-sha256@libssh.org
DEB [20210113-08:45:53.958] thr=4   paramiko.transport: HostKey agreed: ssh-rsa
DEB [20210113-08:45:53.958] thr=4   paramiko.transport: Cipher agreed: aes256-ctr
DEB [20210113-08:45:53.958] thr=4   paramiko.transport: MAC agreed: hmac-sha2-256-etm@openssh.com
DEB [20210113-08:45:53.958] thr=4   paramiko.transport: Compression agreed: none
DEB [20210113-08:45:53.968] thr=4   paramiko.transport: kex engine KexCurve25519 specified hash_algo <built-in function openssl_sha256>
DEB [20210113-08:45:53.969] thr=4   paramiko.transport: Switch to new keys ...
DEB [20210113-08:45:53.970] thr=4   paramiko.transport: Auth request (type=none) service=ssh-connection, username=test
INF [20210113-08:45:53.970] thr=4   paramiko.transport: Auth rejected (none).
DEB [20210113-08:45:53.970] thr=4   paramiko.transport: Auth request (type=password) service=ssh-connection, username=test
INF [20210113-08:45:53.971] thr=4   paramiko.transport: Auth granted (password).
DEB [20210113-08:45:53.986] thr=4   paramiko.transport: EOF in transport thread
DEB [20210113-08:46:04.177] thr=5   paramiko.transport: starting thread (server mode): 0x216a6610
DEB [20210113-08:46:04.177] thr=5   paramiko.transport: Local version/idstring: SSH-2.0-OpenSSH_6.6.1p1 Ubuntu-2ubuntu2
DEB [20210113-08:46:04.177] thr=5   paramiko.transport: Remote version/idstring: SSH-2.0-OpenSSH_8.4p1 Debian-3
INF [20210113-08:46:04.178] thr=5   paramiko.transport: Connected (version 2.0, client OpenSSH_8.4p1)
DEB [20210113-08:46:04.181] thr=5   paramiko.transport: kex algos:['curve25519-sha256', 'curve25519-sha256@libssh.org', 'ecdh-sha2-nistp256', 'ecdh-sha2-nistp384', 'ecdh-sha2-nistp521', 'diffie-hellman-group-exchange-sha256', 'diffie-hellman-group16-sha512', 'diffie-hellman-group18-sha512', 'diffie-hellman-group14-sha256', 'ext-info-c'] server key:['rsa-sha2-512-cert-v01@openssh.com', 'rsa-sha2-256-cert-v01@openssh.com', 'ssh-rsa-cert-v01@openssh.com', 'rsa-sha2-512', 'rsa-sha2-256', 'ssh-rsa', 'ecdsa-sha2-nistp256-cert-v01@openssh.com', 'ecdsa-sha2-nistp384-cert-v01@openssh.com', 'ecdsa-sha2-nistp521-cert-v01@openssh.com', 'sk-ecdsa-sha2-nistp256-cert-v01@openssh.com', 'ssh-ed25519-cert-v01@openssh.com', 'sk-ssh-ed25519-cert-v01@openssh.com', 'ecdsa-sha2-nistp256', 'ecdsa-sha2-nistp384', 'ecdsa-sha2-nistp521', 'sk-ecdsa-sha2-nistp256@openssh.com', 'ssh-ed25519', 'sk-ssh-ed25519@openssh.com'] client encrypt:['chacha20-poly1305@openssh.com', 'aes128-ctr', 'aes192-ctr', 'aes256-ctr', 'aes128-gcm@openssh.com', 'aes256-gcm@openssh.com'] server encrypt:['chacha20-poly1305@openssh.com', 'aes128-ctr', 'aes192-ctr', 'aes256-ctr', 'aes128-gcm@openssh.com', 'aes256-gcm@openssh.com'] client mac:['umac-64-etm@openssh.com', 'umac-128-etm@openssh.com', 'hmac-sha2-256-etm@openssh.com', 'hmac-sha2-512-etm@openssh.com', 'hmac-sha1-etm@openssh.com', 'umac-64@openssh.com', 'umac-128@openssh.com', 'hmac-sha2-256', 'hmac-sha2-512', 'hmac-sha1'] server mac:['umac-64-etm@openssh.com', 'umac-128-etm@openssh.com', 'hmac-sha2-256-etm@openssh.com', 'hmac-sha2-512-etm@openssh.com', 'hmac-sha1-etm@openssh.com', 'umac-64@openssh.com', 'umac-128@openssh.com', 'hmac-sha2-256', 'hmac-sha2-512', 'hmac-sha1'] client compress:['none', 'zlib@openssh.com', 'zlib'] server compress:['none', 'zlib@openssh.com', 'zlib'] client lang:[''] server lang:[''] kex follows?False
DEB [20210113-08:46:04.182] thr=5   paramiko.transport: Kex agreed: curve25519-sha256@libssh.org
DEB [20210113-08:46:04.182] thr=5   paramiko.transport: HostKey agreed: ssh-rsa
DEB [20210113-08:46:04.183] thr=5   paramiko.transport: Cipher agreed: aes128-ctr
DEB [20210113-08:46:04.183] thr=5   paramiko.transport: MAC agreed: hmac-sha2-256-etm@openssh.com
DEB [20210113-08:46:04.183] thr=5   paramiko.transport: Compression agreed: none
DEB [20210113-08:46:04.193] thr=5   paramiko.transport: kex engine KexCurve25519 specified hash_algo <built-in function openssl_sha256>
DEB [20210113-08:46:04.197] thr=5   paramiko.transport: Switch to new keys ...
DEB [20210113-08:46:04.199] thr=5   paramiko.transport: Auth request (type=none) service=ssh-connection, username=test
INF [20210113-08:46:04.199] thr=5   paramiko.transport: Auth rejected (none).
DEB [20210113-08:46:04.200] thr=5   paramiko.transport: Auth request (type=publickey) service=ssh-connection, username=test
INF [20210113-08:46:04.446] thr=5   paramiko.transport: Auth rejected (publickey).
DEB [20210113-08:46:04.447] thr=5   paramiko.transport: Auth request (type=publickey) service=ssh-connection, username=test
INF [20210113-08:46:04.664] thr=5   paramiko.transport: Auth rejected (publickey).
DEB [20210113-08:46:04.665] thr=5   paramiko.transport: Auth request (type=publickey) service=ssh-connection, username=test
INF [20210113-08:46:04.884] thr=5   paramiko.transport: Auth rejected (publickey).
DEB [20210113-08:46:04.887] thr=5   paramiko.transport: EOF in transport thread
DEB [20210113-08:46:24.834] thr=6   paramiko.transport: starting thread (server mode): 0x2175ae20
DEB [20210113-08:46:24.835] thr=6   paramiko.transport: Local version/idstring: SSH-2.0-OpenSSH_6.6.1p1 Ubuntu-2ubuntu2
DEB [20210113-08:46:24.835] thr=6   paramiko.transport: Remote version/idstring: SSH-2.0-OpenSSH_8.4p1 Debian-3
INF [20210113-08:46:24.835] thr=6   paramiko.transport: Connected (version 2.0, client OpenSSH_8.4p1)
DEB [20210113-08:46:24.837] thr=6   paramiko.transport: kex algos:['curve25519-sha256', 'curve25519-sha256@libssh.org', 'ecdh-sha2-nistp256', 'ecdh-sha2-nistp384', 'ecdh-sha2-nistp521', 'diffie-hellman-group-exchange-sha256', 'diffie-hellman-group16-sha512', 'diffie-hellman-group18-sha512', 'diffie-hellman-group14-sha256', 'ext-info-c'] server key:['rsa-sha2-512-cert-v01@openssh.com', 'rsa-sha2-256-cert-v01@openssh.com', 'ssh-rsa-cert-v01@openssh.com', 'rsa-sha2-512', 'rsa-sha2-256', 'ssh-rsa', 'ecdsa-sha2-nistp256-cert-v01@openssh.com', 'ecdsa-sha2-nistp384-cert-v01@openssh.com', 'ecdsa-sha2-nistp521-cert-v01@openssh.com', 'sk-ecdsa-sha2-nistp256-cert-v01@openssh.com', 'ssh-ed25519-cert-v01@openssh.com', 'sk-ssh-ed25519-cert-v01@openssh.com', 'ecdsa-sha2-nistp256', 'ecdsa-sha2-nistp384', 'ecdsa-sha2-nistp521', 'sk-ecdsa-sha2-nistp256@openssh.com', 'ssh-ed25519', 'sk-ssh-ed25519@openssh.com'] client encrypt:['chacha20-poly1305@openssh.com', 'aes128-ctr', 'aes192-ctr', 'aes256-ctr', 'aes128-gcm@openssh.com', 'aes256-gcm@openssh.com'] server encrypt:['chacha20-poly1305@openssh.com', 'aes128-ctr', 'aes192-ctr', 'aes256-ctr', 'aes128-gcm@openssh.com', 'aes256-gcm@openssh.com'] client mac:['umac-64-etm@openssh.com', 'umac-128-etm@openssh.com', 'hmac-sha2-256-etm@openssh.com', 'hmac-sha2-512-etm@openssh.com', 'hmac-sha1-etm@openssh.com', 'umac-64@openssh.com', 'umac-128@openssh.com', 'hmac-sha2-256', 'hmac-sha2-512', 'hmac-sha1'] server mac:['umac-64-etm@openssh.com', 'umac-128-etm@openssh.com', 'hmac-sha2-256-etm@openssh.com', 'hmac-sha2-512-etm@openssh.com', 'hmac-sha1-etm@openssh.com', 'umac-64@openssh.com', 'umac-128@openssh.com', 'hmac-sha2-256', 'hmac-sha2-512', 'hmac-sha1'] client compress:['none', 'zlib@openssh.com', 'zlib'] server compress:['none', 'zlib@openssh.com', 'zlib'] client lang:[''] server lang:[''] kex follows?False
DEB [20210113-08:46:24.838] thr=6   paramiko.transport: Kex agreed: curve25519-sha256@libssh.org
DEB [20210113-08:46:24.838] thr=6   paramiko.transport: HostKey agreed: ssh-rsa
DEB [20210113-08:46:24.838] thr=6   paramiko.transport: Cipher agreed: aes128-ctr
DEB [20210113-08:46:24.838] thr=6   paramiko.transport: MAC agreed: hmac-sha2-256-etm@openssh.com
DEB [20210113-08:46:24.838] thr=6   paramiko.transport: Compression agreed: none
DEB [20210113-08:46:24.859] thr=6   paramiko.transport: kex engine KexCurve25519 specified hash_algo <built-in function openssl_sha256>
DEB [20210113-08:46:24.867] thr=6   paramiko.transport: Switch to new keys ...
DEB [20210113-08:46:24.869] thr=6   paramiko.transport: Auth request (type=none) service=ssh-connection, username=test
INF [20210113-08:46:24.870] thr=6   paramiko.transport: Auth rejected (none).
DEB [20210113-08:46:24.870] thr=6   paramiko.transport: Auth request (type=publickey) service=ssh-connection, username=test
INF [20210113-08:46:25.103] thr=6   paramiko.transport: Auth rejected (publickey).
DEB [20210113-08:46:25.103] thr=6   paramiko.transport: Auth request (type=publickey) service=ssh-connection, username=test
INF [20210113-08:46:25.325] thr=6   paramiko.transport: Auth rejected (publickey).
DEB [20210113-08:46:25.325] thr=6   paramiko.transport: Auth request (type=publickey) service=ssh-connection, username=test
INF [20210113-08:46:25.546] thr=6   paramiko.transport: Auth rejected (publickey).
DEB [20210113-08:46:25.547] thr=6   paramiko.transport: Auth request (type=publickey) service=ssh-connection, username=test
DEB [20210113-08:46:38.532] thr=6   paramiko.transport: EOF in transport thread
DEB [20210113-08:46:45.993] thr=7   paramiko.transport: starting thread (server mode): 0x216a6f10
DEB [20210113-08:46:45.993] thr=7   paramiko.transport: Local version/idstring: SSH-2.0-OpenSSH_6.6.1p1 Ubuntu-2ubuntu2
DEB [20210113-08:46:45.993] thr=7   paramiko.transport: Remote version/idstring: SSH-2.0-OpenSSH_8.4p1 Debian-3
INF [20210113-08:46:45.993] thr=7   paramiko.transport: Connected (version 2.0, client OpenSSH_8.4p1)
DEB [20210113-08:46:45.994] thr=7   paramiko.transport: kex algos:['curve25519-sha256', 'curve25519-sha256@libssh.org', 'ecdh-sha2-nistp256', 'ecdh-sha2-nistp384', 'ecdh-sha2-nistp521', 'diffie-hellman-group-exchange-sha256', 'diffie-hellman-group16-sha512', 'diffie-hellman-group18-sha512', 'diffie-hellman-group14-sha256', 'ext-info-c'] server key:['rsa-sha2-512-cert-v01@openssh.com', 'rsa-sha2-256-cert-v01@openssh.com', 'ssh-rsa-cert-v01@openssh.com', 'rsa-sha2-512', 'rsa-sha2-256', 'ssh-rsa', 'ecdsa-sha2-nistp256-cert-v01@openssh.com', 'ecdsa-sha2-nistp384-cert-v01@openssh.com', 'ecdsa-sha2-nistp521-cert-v01@openssh.com', 'sk-ecdsa-sha2-nistp256-cert-v01@openssh.com', 'ssh-ed25519-cert-v01@openssh.com', 'sk-ssh-ed25519-cert-v01@openssh.com', 'ecdsa-sha2-nistp256', 'ecdsa-sha2-nistp384', 'ecdsa-sha2-nistp521', 'sk-ecdsa-sha2-nistp256@openssh.com', 'ssh-ed25519', 'sk-ssh-ed25519@openssh.com'] client encrypt:['chacha20-poly1305@openssh.com', 'aes128-ctr', 'aes192-ctr', 'aes256-ctr', 'aes128-gcm@openssh.com', 'aes256-gcm@openssh.com'] server encrypt:['chacha20-poly1305@openssh.com', 'aes128-ctr', 'aes192-ctr', 'aes256-ctr', 'aes128-gcm@openssh.com', 'aes256-gcm@openssh.com'] client mac:['umac-64-etm@openssh.com', 'umac-128-etm@openssh.com', 'hmac-sha2-256-etm@openssh.com', 'hmac-sha2-512-etm@openssh.com', 'hmac-sha1-etm@openssh.com', 'umac-64@openssh.com', 'umac-128@openssh.com', 'hmac-sha2-256', 'hmac-sha2-512', 'hmac-sha1'] server mac:['umac-64-etm@openssh.com', 'umac-128-etm@openssh.com', 'hmac-sha2-256-etm@openssh.com', 'hmac-sha2-512-etm@openssh.com', 'hmac-sha1-etm@openssh.com', 'umac-64@openssh.com', 'umac-128@openssh.com', 'hmac-sha2-256', 'hmac-sha2-512', 'hmac-sha1'] client compress:['none', 'zlib@openssh.com', 'zlib'] server compress:['none', 'zlib@openssh.com', 'zlib'] client lang:[''] server lang:[''] kex follows?False
DEB [20210113-08:46:45.994] thr=7   paramiko.transport: Kex agreed: curve25519-sha256@libssh.org
DEB [20210113-08:46:45.995] thr=7   paramiko.transport: HostKey agreed: ssh-rsa
DEB [20210113-08:46:45.995] thr=7   paramiko.transport: Cipher agreed: aes128-ctr
DEB [20210113-08:46:45.995] thr=7   paramiko.transport: MAC agreed: hmac-sha2-256-etm@openssh.com
DEB [20210113-08:46:45.995] thr=7   paramiko.transport: Compression agreed: none
DEB [20210113-08:46:46.017] thr=7   paramiko.transport: kex engine KexCurve25519 specified hash_algo <built-in function openssl_sha256>
DEB [20210113-08:46:46.023] thr=7   paramiko.transport: Switch to new keys ...
DEB [20210113-08:46:46.026] thr=7   paramiko.transport: Auth request (type=none) service=ssh-connection, username=test
INF [20210113-08:46:46.026] thr=7   paramiko.transport: Auth rejected (none).
DEB [20210113-08:46:46.027] thr=7   paramiko.transport: Auth request (type=publickey) service=ssh-connection, username=test
INF [20210113-08:46:46.249] thr=7   paramiko.transport: Auth rejected (publickey).
DEB [20210113-08:46:46.250] thr=7   paramiko.transport: Auth request (type=publickey) service=ssh-connection, username=test
INF [20210113-08:46:46.469] thr=7   paramiko.transport: Auth rejected (publickey).
DEB [20210113-08:46:46.470] thr=7   paramiko.transport: Auth request (type=publickey) service=ssh-connection, username=test
INF [20210113-08:46:46.691] thr=7   paramiko.transport: Auth rejected (publickey).
DEB [20210113-08:46:46.693] thr=7   paramiko.transport: EOF in transport thread
DEB [20210113-08:47:58.817] thr=8   paramiko.transport: starting thread (server mode): 0x216d11f0
DEB [20210113-08:47:58.818] thr=8   paramiko.transport: Local version/idstring: SSH-2.0-OpenSSH_6.6.1p1 Ubuntu-2ubuntu2
ERR [20210113-08:47:58.819] thr=8   paramiko.transport: Exception: Error reading SSH protocol banner
ERR [20210113-08:47:58.822] thr=8   paramiko.transport: Traceback (most recent call last):
ERR [20210113-08:47:58.822] thr=8   paramiko.transport:   File "/usr/lib/python3/dist-packages/paramiko/transport.py", line 2211, in _check_banner
ERR [20210113-08:47:58.822] thr=8   paramiko.transport:     buf = self.packetizer.readline(timeout)
ERR [20210113-08:47:58.822] thr=8   paramiko.transport:   File "/usr/lib/python3/dist-packages/paramiko/packet.py", line 380, in readline
ERR [20210113-08:47:58.822] thr=8   paramiko.transport:     buf += self._read_timeout(timeout)
ERR [20210113-08:47:58.822] thr=8   paramiko.transport:   File "/usr/lib/python3/dist-packages/paramiko/packet.py", line 609, in _read_timeout
ERR [20210113-08:47:58.822] thr=8   paramiko.transport:     raise EOFError()
ERR [20210113-08:47:58.822] thr=8   paramiko.transport: EOFError
ERR [20210113-08:47:58.823] thr=8   paramiko.transport: 
ERR [20210113-08:47:58.823] thr=8   paramiko.transport: During handling of the above exception, another exception occurred:
ERR [20210113-08:47:58.823] thr=8   paramiko.transport: 
ERR [20210113-08:47:58.823] thr=8   paramiko.transport: Traceback (most recent call last):
ERR [20210113-08:47:58.823] thr=8   paramiko.transport:   File "/usr/lib/python3/dist-packages/paramiko/transport.py", line 2039, in run
ERR [20210113-08:47:58.823] thr=8   paramiko.transport:     self._check_banner()
ERR [20210113-08:47:58.823] thr=8   paramiko.transport:   File "/usr/lib/python3/dist-packages/paramiko/transport.py", line 2215, in _check_banner
ERR [20210113-08:47:58.823] thr=8   paramiko.transport:     raise SSHException(
ERR [20210113-08:47:58.824] thr=8   paramiko.transport: paramiko.ssh_exception.SSHException: Error reading SSH protocol banner
ERR [20210113-08:47:58.824] thr=8   paramiko.transport: 
DEB [20210113-08:48:00.447] thr=9   paramiko.transport: starting thread (server mode): 0x20e81640
DEB [20210113-08:48:00.447] thr=9   paramiko.transport: Local version/idstring: SSH-2.0-OpenSSH_6.6.1p1 Ubuntu-2ubuntu2
DEB [20210113-08:48:00.455] thr=10  paramiko.transport: starting thread (server mode): 0x20e81880
DEB [20210113-08:48:00.455] thr=10  paramiko.transport: Local version/idstring: SSH-2.0-OpenSSH_6.6.1p1 Ubuntu-2ubuntu2
DEB [20210113-08:48:00.456] thr=9   paramiko.transport: Remote version/idstring: SSH-1.5-Nmap-SSH1-Hostkey
DEB [20210113-08:48:00.456] thr=10  paramiko.transport: Remote version/idstring: SSH-1.5-NmapNSE_1.0
ERR [20210113-08:48:00.456] thr=9   paramiko.transport: Exception: Incompatible version (1.5 instead of 2.0)
ERR [20210113-08:48:00.456] thr=10  paramiko.transport: Exception: Incompatible version (1.5 instead of 2.0)
ERR [20210113-08:48:00.457] thr=9   paramiko.transport: Traceback (most recent call last):
ERR [20210113-08:48:00.457] thr=10  paramiko.transport: Traceback (most recent call last):
ERR [20210113-08:48:00.457] thr=9   paramiko.transport:   File "/usr/lib/python3/dist-packages/paramiko/transport.py", line 2039, in run
ERR [20210113-08:48:00.457] thr=10  paramiko.transport:   File "/usr/lib/python3/dist-packages/paramiko/transport.py", line 2039, in run
ERR [20210113-08:48:00.458] thr=9   paramiko.transport:     self._check_banner()
ERR [20210113-08:48:00.458] thr=10  paramiko.transport:     self._check_banner()
ERR [20210113-08:48:00.458] thr=9   paramiko.transport:   File "/usr/lib/python3/dist-packages/paramiko/transport.py", line 2240, in _check_banner
ERR [20210113-08:48:00.458] thr=10  paramiko.transport:   File "/usr/lib/python3/dist-packages/paramiko/transport.py", line 2240, in _check_banner
ERR [20210113-08:48:00.458] thr=9   paramiko.transport:     raise SSHException(msg.format(version))
ERR [20210113-08:48:00.458] thr=10  paramiko.transport:     raise SSHException(msg.format(version))
ERR [20210113-08:48:00.458] thr=9   paramiko.transport: paramiko.ssh_exception.SSHException: Incompatible version (1.5 instead of 2.0)
ERR [20210113-08:48:00.458] thr=10  paramiko.transport: paramiko.ssh_exception.SSHException: Incompatible version (1.5 instead of 2.0)
ERR [20210113-08:48:00.459] thr=9   paramiko.transport: 
ERR [20210113-08:48:00.459] thr=10  paramiko.transport: 
DEB [20210113-08:48:00.681] thr=11  paramiko.transport: starting thread (server mode): 0x20e81790
DEB [20210113-08:48:00.682] thr=11  paramiko.transport: Local version/idstring: SSH-2.0-OpenSSH_6.6.1p1 Ubuntu-2ubuntu2
DEB [20210113-08:48:00.682] thr=11  paramiko.transport: Remote version/idstring: SSH-2.0-Nmap-SSH2-Hostkey
INF [20210113-08:48:00.682] thr=11  paramiko.transport: Connected (version 2.0, client Nmap-SSH2-Hostkey)
DEB [20210113-08:48:00.683] thr=11  paramiko.transport: kex algos:['diffie-hellman-group1-sha1', 'diffie-hellman-group14-sha1', 'diffie-hellman-group14-sha256', 'diffie-hellman-group16-sha512', 'diffie-hellman-group-exchange-sha1', 'diffie-hellman-group-exchange-sha256'] server key:['ssh-dss'] client encrypt:['aes128-cbc', '3des-cbc', 'blowfish-cbc', 'aes192-cbc', 'aes256-cbc', 'aes128-ctr', 'aes192-ctr', 'aes256-ctr'] server encrypt:['aes128-cbc', '3des-cbc', 'blowfish-cbc', 'aes192-cbc', 'aes256-cbc', 'aes128-ctr', 'aes192-ctr', 'aes256-ctr'] client mac:['hmac-md5', 'hmac-sha1', 'hmac-ripemd160'] server mac:['hmac-md5', 'hmac-sha1', 'hmac-ripemd160'] client compress:['none'] server compress:['none'] client lang:[''] server lang:[''] kex follows?False
DEB [20210113-08:48:00.684] thr=11  paramiko.transport: Kex agreed: diffie-hellman-group1-sha1
ERR [20210113-08:48:00.684] thr=11  paramiko.transport: Exception: Incompatible ssh peer (no acceptable host key)
ERR [20210113-08:48:00.684] thr=11  paramiko.transport: Traceback (most recent call last):
ERR [20210113-08:48:00.685] thr=11  paramiko.transport:   File "/usr/lib/python3/dist-packages/paramiko/transport.py", line 2083, in run
ERR [20210113-08:48:00.685] thr=11  paramiko.transport:     self._handler_table[ptype](self, m)
ERR [20210113-08:48:00.685] thr=11  paramiko.transport:   File "/usr/lib/python3/dist-packages/paramiko/transport.py", line 2198, in _negotiate_keys
ERR [20210113-08:48:00.685] thr=11  paramiko.transport:     self._parse_kex_init(m)
ERR [20210113-08:48:00.685] thr=11  paramiko.transport:   File "/usr/lib/python3/dist-packages/paramiko/transport.py", line 2377, in _parse_kex_init
ERR [20210113-08:48:00.685] thr=11  paramiko.transport:     raise SSHException(
ERR [20210113-08:48:00.685] thr=11  paramiko.transport: paramiko.ssh_exception.SSHException: Incompatible ssh peer (no acceptable host key)
ERR [20210113-08:48:00.685] thr=11  paramiko.transport: 
DEB [20210113-08:48:00.905] thr=12  paramiko.transport: starting thread (server mode): 0x20659a00
DEB [20210113-08:48:00.906] thr=12  paramiko.transport: Local version/idstring: SSH-2.0-OpenSSH_6.6.1p1 Ubuntu-2ubuntu2
DEB [20210113-08:48:00.906] thr=12  paramiko.transport: Remote version/idstring: SSH-2.0-Nmap-SSH2-Hostkey
INF [20210113-08:48:00.906] thr=12  paramiko.transport: Connected (version 2.0, client Nmap-SSH2-Hostkey)
DEB [20210113-08:48:00.907] thr=12  paramiko.transport: kex algos:['diffie-hellman-group1-sha1', 'diffie-hellman-group14-sha1', 'diffie-hellman-group14-sha256', 'diffie-hellman-group16-sha512', 'diffie-hellman-group-exchange-sha1', 'diffie-hellman-group-exchange-sha256'] server key:['ssh-rsa'] client encrypt:['aes128-cbc', '3des-cbc', 'blowfish-cbc', 'aes192-cbc', 'aes256-cbc', 'aes128-ctr', 'aes192-ctr', 'aes256-ctr'] server encrypt:['aes128-cbc', '3des-cbc', 'blowfish-cbc', 'aes192-cbc', 'aes256-cbc', 'aes128-ctr', 'aes192-ctr', 'aes256-ctr'] client mac:['hmac-md5', 'hmac-sha1', 'hmac-ripemd160'] server mac:['hmac-md5', 'hmac-sha1', 'hmac-ripemd160'] client compress:['none'] server compress:['none'] client lang:[''] server lang:[''] kex follows?False
DEB [20210113-08:48:00.907] thr=12  paramiko.transport: Kex agreed: diffie-hellman-group1-sha1
DEB [20210113-08:48:00.908] thr=12  paramiko.transport: HostKey agreed: ssh-rsa
DEB [20210113-08:48:00.908] thr=12  paramiko.transport: Cipher agreed: aes128-cbc
DEB [20210113-08:48:00.908] thr=12  paramiko.transport: MAC agreed: hmac-md5
DEB [20210113-08:48:00.908] thr=12  paramiko.transport: Compression agreed: none
DEB [20210113-08:48:00.941] thr=12  paramiko.transport: kex engine KexGroup1 specified hash_algo <built-in function openssl_sha1>
ERR [20210113-08:48:00.941] thr=12  paramiko.transport: Socket exception: Connection reset by peer (104)
DEB [20210113-08:48:01.186] thr=13  paramiko.transport: starting thread (server mode): 0x21747250
DEB [20210113-08:48:01.186] thr=13  paramiko.transport: Local version/idstring: SSH-2.0-OpenSSH_6.6.1p1 Ubuntu-2ubuntu2
DEB [20210113-08:48:01.186] thr=13  paramiko.transport: Remote version/idstring: SSH-2.0-Nmap-SSH2-Hostkey
INF [20210113-08:48:01.186] thr=13  paramiko.transport: Connected (version 2.0, client Nmap-SSH2-Hostkey)
DEB [20210113-08:48:01.187] thr=13  paramiko.transport: kex algos:['diffie-hellman-group1-sha1', 'diffie-hellman-group14-sha1', 'diffie-hellman-group14-sha256', 'diffie-hellman-group16-sha512', 'diffie-hellman-group-exchange-sha1', 'diffie-hellman-group-exchange-sha256'] server key:['ecdsa-sha2-nistp256'] client encrypt:['aes128-cbc', '3des-cbc', 'blowfish-cbc', 'aes192-cbc', 'aes256-cbc', 'aes128-ctr', 'aes192-ctr', 'aes256-ctr'] server encrypt:['aes128-cbc', '3des-cbc', 'blowfish-cbc', 'aes192-cbc', 'aes256-cbc', 'aes128-ctr', 'aes192-ctr', 'aes256-ctr'] client mac:['hmac-md5', 'hmac-sha1', 'hmac-ripemd160'] server mac:['hmac-md5', 'hmac-sha1', 'hmac-ripemd160'] client compress:['none'] server compress:['none'] client lang:[''] server lang:[''] kex follows?False
DEB [20210113-08:48:01.187] thr=13  paramiko.transport: Kex agreed: diffie-hellman-group1-sha1
ERR [20210113-08:48:01.187] thr=13  paramiko.transport: Exception: Incompatible ssh peer (no acceptable host key)
ERR [20210113-08:48:01.188] thr=13  paramiko.transport: Traceback (most recent call last):
ERR [20210113-08:48:01.188] thr=13  paramiko.transport:   File "/usr/lib/python3/dist-packages/paramiko/transport.py", line 2083, in run
ERR [20210113-08:48:01.189] thr=13  paramiko.transport:     self._handler_table[ptype](self, m)
ERR [20210113-08:48:01.189] thr=13  paramiko.transport:   File "/usr/lib/python3/dist-packages/paramiko/transport.py", line 2198, in _negotiate_keys
ERR [20210113-08:48:01.189] thr=13  paramiko.transport:     self._parse_kex_init(m)
ERR [20210113-08:48:01.189] thr=13  paramiko.transport:   File "/usr/lib/python3/dist-packages/paramiko/transport.py", line 2377, in _parse_kex_init
ERR [20210113-08:48:01.189] thr=13  paramiko.transport:     raise SSHException(
ERR [20210113-08:48:01.189] thr=13  paramiko.transport: paramiko.ssh_exception.SSHException: Incompatible ssh peer (no acceptable host key)
ERR [20210113-08:48:01.189] thr=13  paramiko.transport: 
DEB [20210113-08:48:01.408] thr=14  paramiko.transport: starting thread (server mode): 0x20659d00
DEB [20210113-08:48:01.408] thr=14  paramiko.transport: Local version/idstring: SSH-2.0-OpenSSH_6.6.1p1 Ubuntu-2ubuntu2
DEB [20210113-08:48:01.408] thr=14  paramiko.transport: Remote version/idstring: SSH-2.0-Nmap-SSH2-Hostkey
INF [20210113-08:48:01.409] thr=14  paramiko.transport: Connected (version 2.0, client Nmap-SSH2-Hostkey)
DEB [20210113-08:48:01.409] thr=14  paramiko.transport: kex algos:['diffie-hellman-group1-sha1', 'diffie-hellman-group14-sha1', 'diffie-hellman-group14-sha256', 'diffie-hellman-group16-sha512', 'diffie-hellman-group-exchange-sha1', 'diffie-hellman-group-exchange-sha256'] server key:['ecdsa-sha2-nistp384'] client encrypt:['aes128-cbc', '3des-cbc', 'blowfish-cbc', 'aes192-cbc', 'aes256-cbc', 'aes128-ctr', 'aes192-ctr', 'aes256-ctr'] server encrypt:['aes128-cbc', '3des-cbc', 'blowfish-cbc', 'aes192-cbc', 'aes256-cbc', 'aes128-ctr', 'aes192-ctr', 'aes256-ctr'] client mac:['hmac-md5', 'hmac-sha1', 'hmac-ripemd160'] server mac:['hmac-md5', 'hmac-sha1', 'hmac-ripemd160'] client compress:['none'] server compress:['none'] client lang:[''] server lang:[''] kex follows?False
DEB [20210113-08:48:01.410] thr=14  paramiko.transport: Kex agreed: diffie-hellman-group1-sha1
ERR [20210113-08:48:01.410] thr=14  paramiko.transport: Exception: Incompatible ssh peer (no acceptable host key)
ERR [20210113-08:48:01.412] thr=14  paramiko.transport: Traceback (most recent call last):
ERR [20210113-08:48:01.413] thr=14  paramiko.transport:   File "/usr/lib/python3/dist-packages/paramiko/transport.py", line 2083, in run
ERR [20210113-08:48:01.413] thr=14  paramiko.transport:     self._handler_table[ptype](self, m)
ERR [20210113-08:48:01.413] thr=14  paramiko.transport:   File "/usr/lib/python3/dist-packages/paramiko/transport.py", line 2198, in _negotiate_keys
ERR [20210113-08:48:01.413] thr=14  paramiko.transport:     self._parse_kex_init(m)
ERR [20210113-08:48:01.413] thr=14  paramiko.transport:   File "/usr/lib/python3/dist-packages/paramiko/transport.py", line 2377, in _parse_kex_init
ERR [20210113-08:48:01.413] thr=14  paramiko.transport:     raise SSHException(
ERR [20210113-08:48:01.413] thr=14  paramiko.transport: paramiko.ssh_exception.SSHException: Incompatible ssh peer (no acceptable host key)
ERR [20210113-08:48:01.414] thr=14  paramiko.transport: 
DEB [20210113-08:48:01.650] thr=15  paramiko.transport: starting thread (server mode): 0x20e81df0
DEB [20210113-08:48:01.650] thr=15  paramiko.transport: Local version/idstring: SSH-2.0-OpenSSH_6.6.1p1 Ubuntu-2ubuntu2
DEB [20210113-08:48:01.651] thr=15  paramiko.transport: Remote version/idstring: SSH-2.0-Nmap-SSH2-Hostkey
INF [20210113-08:48:01.651] thr=15  paramiko.transport: Connected (version 2.0, client Nmap-SSH2-Hostkey)
DEB [20210113-08:48:01.652] thr=15  paramiko.transport: kex algos:['diffie-hellman-group1-sha1', 'diffie-hellman-group14-sha1', 'diffie-hellman-group14-sha256', 'diffie-hellman-group16-sha512', 'diffie-hellman-group-exchange-sha1', 'diffie-hellman-group-exchange-sha256'] server key:['ecdsa-sha2-nistp521'] client encrypt:['aes128-cbc', '3des-cbc', 'blowfish-cbc', 'aes192-cbc', 'aes256-cbc', 'aes128-ctr', 'aes192-ctr', 'aes256-ctr'] server encrypt:['aes128-cbc', '3des-cbc', 'blowfish-cbc', 'aes192-cbc', 'aes256-cbc', 'aes128-ctr', 'aes192-ctr', 'aes256-ctr'] client mac:['hmac-md5', 'hmac-sha1', 'hmac-ripemd160'] server mac:['hmac-md5', 'hmac-sha1', 'hmac-ripemd160'] client compress:['none'] server compress:['none'] client lang:[''] server lang:[''] kex follows?False
DEB [20210113-08:48:01.652] thr=15  paramiko.transport: Kex agreed: diffie-hellman-group1-sha1
ERR [20210113-08:48:01.652] thr=15  paramiko.transport: Exception: Incompatible ssh peer (no acceptable host key)
ERR [20210113-08:48:01.653] thr=15  paramiko.transport: Traceback (most recent call last):
ERR [20210113-08:48:01.653] thr=15  paramiko.transport:   File "/usr/lib/python3/dist-packages/paramiko/transport.py", line 2083, in run
ERR [20210113-08:48:01.653] thr=15  paramiko.transport:     self._handler_table[ptype](self, m)
ERR [20210113-08:48:01.653] thr=15  paramiko.transport:   File "/usr/lib/python3/dist-packages/paramiko/transport.py", line 2198, in _negotiate_keys
ERR [20210113-08:48:01.654] thr=15  paramiko.transport:     self._parse_kex_init(m)
ERR [20210113-08:48:01.654] thr=15  paramiko.transport:   File "/usr/lib/python3/dist-packages/paramiko/transport.py", line 2377, in _parse_kex_init
ERR [20210113-08:48:01.654] thr=15  paramiko.transport:     raise SSHException(
ERR [20210113-08:48:01.654] thr=15  paramiko.transport: paramiko.ssh_exception.SSHException: Incompatible ssh peer (no acceptable host key)
ERR [20210113-08:48:01.654] thr=15  paramiko.transport: 
DEB [20210113-08:48:01.873] thr=16  paramiko.transport: starting thread (server mode): 0x20e81fa0
DEB [20210113-08:48:01.874] thr=16  paramiko.transport: Local version/idstring: SSH-2.0-OpenSSH_6.6.1p1 Ubuntu-2ubuntu2
DEB [20210113-08:48:01.874] thr=16  paramiko.transport: Remote version/idstring: SSH-2.0-Nmap-SSH2-Hostkey
INF [20210113-08:48:01.874] thr=16  paramiko.transport: Connected (version 2.0, client Nmap-SSH2-Hostkey)
DEB [20210113-08:48:01.875] thr=16  paramiko.transport: kex algos:['diffie-hellman-group1-sha1', 'diffie-hellman-group14-sha1', 'diffie-hellman-group14-sha256', 'diffie-hellman-group16-sha512', 'diffie-hellman-group-exchange-sha1', 'diffie-hellman-group-exchange-sha256'] server key:['ssh-ed25519'] client encrypt:['aes128-cbc', '3des-cbc', 'blowfish-cbc', 'aes192-cbc', 'aes256-cbc', 'aes128-ctr', 'aes192-ctr', 'aes256-ctr'] server encrypt:['aes128-cbc', '3des-cbc', 'blowfish-cbc', 'aes192-cbc', 'aes256-cbc', 'aes128-ctr', 'aes192-ctr', 'aes256-ctr'] client mac:['hmac-md5', 'hmac-sha1', 'hmac-ripemd160'] server mac:['hmac-md5', 'hmac-sha1', 'hmac-ripemd160'] client compress:['none'] server compress:['none'] client lang:[''] server lang:[''] kex follows?False
DEB [20210113-08:48:01.875] thr=16  paramiko.transport: Kex agreed: diffie-hellman-group1-sha1
ERR [20210113-08:48:01.875] thr=16  paramiko.transport: Exception: Incompatible ssh peer (no acceptable host key)
ERR [20210113-08:48:01.876] thr=16  paramiko.transport: Traceback (most recent call last):
ERR [20210113-08:48:01.876] thr=16  paramiko.transport:   File "/usr/lib/python3/dist-packages/paramiko/transport.py", line 2083, in run
ERR [20210113-08:48:01.876] thr=16  paramiko.transport:     self._handler_table[ptype](self, m)
ERR [20210113-08:48:01.876] thr=16  paramiko.transport:   File "/usr/lib/python3/dist-packages/paramiko/transport.py", line 2198, in _negotiate_keys
ERR [20210113-08:48:01.876] thr=16  paramiko.transport:     self._parse_kex_init(m)
ERR [20210113-08:48:01.877] thr=16  paramiko.transport:   File "/usr/lib/python3/dist-packages/paramiko/transport.py", line 2377, in _parse_kex_init
ERR [20210113-08:48:01.877] thr=16  paramiko.transport:     raise SSHException(
ERR [20210113-08:48:01.877] thr=16  paramiko.transport: paramiko.ssh_exception.SSHException: Incompatible ssh peer (no acceptable host key)
ERR [20210113-08:48:01.877] thr=16  paramiko.transport: 
DEB [20210113-08:49:09.739] thr=1   paramiko.transport: starting thread (server mode): 0xc127f220
DEB [20210113-08:49:09.740] thr=1   paramiko.transport: Local version/idstring: SSH-2.0-OpenSSH_6.6.1p1 Ubuntu-2ubuntu2
DEB [20210113-08:49:09.740] thr=1   paramiko.transport: Remote version/idstring: SSH-2.0-OpenSSH_8.4p1 Debian-3
INF [20210113-08:49:09.740] thr=1   paramiko.transport: Connected (version 2.0, client OpenSSH_8.4p1)
DEB [20210113-08:49:09.742] thr=1   paramiko.transport: kex algos:['curve25519-sha256', 'curve25519-sha256@libssh.org', 'ecdh-sha2-nistp256', 'ecdh-sha2-nistp384', 'ecdh-sha2-nistp521', 'diffie-hellman-group-exchange-sha256', 'diffie-hellman-group16-sha512', 'diffie-hellman-group18-sha512', 'diffie-hellman-group14-sha256', 'ext-info-c'] server key:['rsa-sha2-512-cert-v01@openssh.com', 'rsa-sha2-256-cert-v01@openssh.com', 'ssh-rsa-cert-v01@openssh.com', 'rsa-sha2-512', 'rsa-sha2-256', 'ssh-rsa', 'ecdsa-sha2-nistp256-cert-v01@openssh.com', 'ecdsa-sha2-nistp384-cert-v01@openssh.com', 'ecdsa-sha2-nistp521-cert-v01@openssh.com', 'sk-ecdsa-sha2-nistp256-cert-v01@openssh.com', 'ssh-ed25519-cert-v01@openssh.com', 'sk-ssh-ed25519-cert-v01@openssh.com', 'ecdsa-sha2-nistp256', 'ecdsa-sha2-nistp384', 'ecdsa-sha2-nistp521', 'sk-ecdsa-sha2-nistp256@openssh.com', 'ssh-ed25519', 'sk-ssh-ed25519@openssh.com'] client encrypt:['chacha20-poly1305@openssh.com', 'aes128-ctr', 'aes192-ctr', 'aes256-ctr', 'aes128-gcm@openssh.com', 'aes256-gcm@openssh.com'] server encrypt:['chacha20-poly1305@openssh.com', 'aes128-ctr', 'aes192-ctr', 'aes256-ctr', 'aes128-gcm@openssh.com', 'aes256-gcm@openssh.com'] client mac:['umac-64-etm@openssh.com', 'umac-128-etm@openssh.com', 'hmac-sha2-256-etm@openssh.com', 'hmac-sha2-512-etm@openssh.com', 'hmac-sha1-etm@openssh.com', 'umac-64@openssh.com', 'umac-128@openssh.com', 'hmac-sha2-256', 'hmac-sha2-512', 'hmac-sha1'] server mac:['umac-64-etm@openssh.com', 'umac-128-etm@openssh.com', 'hmac-sha2-256-etm@openssh.com', 'hmac-sha2-512-etm@openssh.com', 'hmac-sha1-etm@openssh.com', 'umac-64@openssh.com', 'umac-128@openssh.com', 'hmac-sha2-256', 'hmac-sha2-512', 'hmac-sha1'] client compress:['none', 'zlib@openssh.com', 'zlib'] server compress:['none', 'zlib@openssh.com', 'zlib'] client lang:[''] server lang:[''] kex follows?False
DEB [20210113-08:49:09.742] thr=1   paramiko.transport: Kex agreed: curve25519-sha256@libssh.org
DEB [20210113-08:49:09.743] thr=1   paramiko.transport: HostKey agreed: ssh-rsa
DEB [20210113-08:49:09.743] thr=1   paramiko.transport: Cipher agreed: aes128-ctr
DEB [20210113-08:49:09.743] thr=1   paramiko.transport: MAC agreed: hmac-sha2-256-etm@openssh.com
DEB [20210113-08:49:09.743] thr=1   paramiko.transport: Compression agreed: none
DEB [20210113-08:49:09.762] thr=1   paramiko.transport: kex engine KexCurve25519 specified hash_algo <built-in function openssl_sha256>
DEB [20210113-08:49:09.768] thr=1   paramiko.transport: Switch to new keys ...
DEB [20210113-08:49:09.771] thr=1   paramiko.transport: Auth request (type=none) service=ssh-connection, username=test
INF [20210113-08:49:09.771] thr=1   paramiko.transport: Auth rejected (none).
DEB [20210113-08:49:09.772] thr=1   paramiko.transport: Auth request (type=publickey) service=ssh-connection, username=test
INF [20210113-08:49:09.994] thr=1   paramiko.transport: Auth rejected (publickey).
DEB [20210113-08:49:09.995] thr=1   paramiko.transport: Auth request (type=publickey) service=ssh-connection, username=test
INF [20210113-08:49:10.216] thr=1   paramiko.transport: Auth rejected (publickey).
DEB [20210113-08:49:10.217] thr=1   paramiko.transport: Auth request (type=publickey) service=ssh-connection, username=test
INF [20210113-08:49:10.446] thr=1   paramiko.transport: Auth rejected (publickey).
DEB [20210113-08:49:10.447] thr=1   paramiko.transport: Auth request (type=publickey) service=ssh-connection, username=test
DEB [20210113-08:49:26.430] thr=1   paramiko.transport: Auth request (type=publickey) service=ssh-connection, username=test
INF [20210113-08:49:26.682] thr=1   paramiko.transport: Auth granted (publickey).
DEB [20210113-08:49:26.683] thr=1   paramiko.transport: [chan 0] Max packet in: 32768 bytes
DEB [20210113-08:49:26.683] thr=1   paramiko.transport: [chan 0] Max packet out: 16384 bytes
DEB [20210113-08:49:26.684] thr=1   paramiko.transport: Secsh channel 0 (session) opened.
DEB [20210113-08:49:26.684] thr=1   paramiko.transport: Received global request "no-more-sessions@openssh.com"
DEB [20210113-08:49:26.685] thr=2   paramiko.transport: [chan 0] EOF sent (0)
DEB [20210113-08:49:26.688] thr=1   paramiko.transport: Ignoring message for dead channel 0
DEB [20210113-08:49:26.688] thr=1   paramiko.transport: Ignoring message for dead channel 0
DEB [20210113-08:49:26.688] thr=1   paramiko.transport: Ignoring message for dead channel 0
DEB [20210113-08:49:26.689] thr=1   paramiko.transport: Ignoring message for dead channel 0
INF [20210113-08:49:26.689] thr=1   paramiko.transport: Disconnect (code 11): disconnected by user
DEB [20210113-08:50:26.657] thr=3   paramiko.transport: starting thread (server mode): 0xc1fe3430
DEB [20210113-08:50:26.657] thr=3   paramiko.transport: Local version/idstring: SSH-2.0-OpenSSH_6.6.1p1 Ubuntu-2ubuntu2
DEB [20210113-08:50:26.658] thr=3   paramiko.transport: Remote version/idstring: SSH-2.0-libssh_0.9.5
INF [20210113-08:50:26.658] thr=3   paramiko.transport: Connected (version 2.0, client libssh_0.9.5)
DEB [20210113-08:50:26.659] thr=3   paramiko.transport: kex algos:['curve25519-sha256', 'curve25519-sha256@libssh.org', 'ecdh-sha2-nistp256', 'ecdh-sha2-nistp384', 'ecdh-sha2-nistp521', 'diffie-hellman-group18-sha512', 'diffie-hellman-group16-sha512', 'diffie-hellman-group-exchange-sha256', 'diffie-hellman-group14-sha256', 'diffie-hellman-group14-sha1', 'diffie-hellman-group1-sha1', 'ext-info-c'] server key:['rsa-sha2-512', 'rsa-sha2-256', 'ssh-rsa', 'ssh-ed25519', 'ecdsa-sha2-nistp521', 'ecdsa-sha2-nistp384', 'ecdsa-sha2-nistp256', 'ssh-dss'] client encrypt:['aes256-gcm@openssh.com', 'aes128-gcm@openssh.com', 'aes256-ctr', 'aes192-ctr', 'aes128-ctr', 'aes256-cbc', 'aes192-cbc', 'aes128-cbc', '3des-cbc'] server encrypt:['aes256-gcm@openssh.com', 'aes128-gcm@openssh.com', 'aes256-ctr', 'aes192-ctr', 'aes128-ctr', 'aes256-cbc', 'aes192-cbc', 'aes128-cbc', '3des-cbc'] client mac:['hmac-sha2-256-etm@openssh.com', 'hmac-sha2-512-etm@openssh.com', 'hmac-sha1-etm@openssh.com', 'hmac-sha2-256', 'hmac-sha2-512', 'hmac-sha1'] server mac:['hmac-sha2-256-etm@openssh.com', 'hmac-sha2-512-etm@openssh.com', 'hmac-sha1-etm@openssh.com', 'hmac-sha2-256', 'hmac-sha2-512', 'hmac-sha1'] client compress:['none'] server compress:['none'] client lang:[''] server lang:[''] kex follows?False
DEB [20210113-08:50:26.660] thr=3   paramiko.transport: Kex agreed: curve25519-sha256@libssh.org
DEB [20210113-08:50:26.660] thr=3   paramiko.transport: HostKey agreed: ssh-rsa
DEB [20210113-08:50:26.660] thr=3   paramiko.transport: Cipher agreed: aes256-ctr
DEB [20210113-08:50:26.660] thr=3   paramiko.transport: MAC agreed: hmac-sha2-256-etm@openssh.com
DEB [20210113-08:50:26.660] thr=3   paramiko.transport: Compression agreed: none
DEB [20210113-08:50:26.675] thr=3   paramiko.transport: kex engine KexCurve25519 specified hash_algo <built-in function openssl_sha256>
DEB [20210113-08:50:26.675] thr=3   paramiko.transport: Switch to new keys ...
DEB [20210113-08:50:26.677] thr=3   paramiko.transport: Auth request (type=none) service=ssh-connection, username=test
INF [20210113-08:50:26.677] thr=3   paramiko.transport: Auth rejected (none).
INF [20210113-08:50:26.678] thr=3   paramiko.transport: Disconnect (code 11): Bye Bye
DEB [20210113-08:50:27.141] thr=4   paramiko.transport: starting thread (server mode): 0xc2033cd0
DEB [20210113-08:50:27.141] thr=4   paramiko.transport: Local version/idstring: SSH-2.0-OpenSSH_6.6.1p1 Ubuntu-2ubuntu2
DEB [20210113-08:50:27.141] thr=4   paramiko.transport: Remote version/idstring: SSH-2.0-libssh_0.9.5
INF [20210113-08:50:27.141] thr=4   paramiko.transport: Connected (version 2.0, client libssh_0.9.5)
DEB [20210113-08:50:27.144] thr=4   paramiko.transport: kex algos:['curve25519-sha256', 'curve25519-sha256@libssh.org', 'ecdh-sha2-nistp256', 'ecdh-sha2-nistp384', 'ecdh-sha2-nistp521', 'diffie-hellman-group18-sha512', 'diffie-hellman-group16-sha512', 'diffie-hellman-group-exchange-sha256', 'diffie-hellman-group14-sha256', 'diffie-hellman-group14-sha1', 'diffie-hellman-group1-sha1', 'ext-info-c'] server key:['rsa-sha2-512', 'rsa-sha2-256', 'ssh-rsa', 'ssh-ed25519', 'ecdsa-sha2-nistp521', 'ecdsa-sha2-nistp384', 'ecdsa-sha2-nistp256', 'ssh-dss'] client encrypt:['aes256-gcm@openssh.com', 'aes128-gcm@openssh.com', 'aes256-ctr', 'aes192-ctr', 'aes128-ctr', 'aes256-cbc', 'aes192-cbc', 'aes128-cbc', '3des-cbc'] server encrypt:['aes256-gcm@openssh.com', 'aes128-gcm@openssh.com', 'aes256-ctr', 'aes192-ctr', 'aes128-ctr', 'aes256-cbc', 'aes192-cbc', 'aes128-cbc', '3des-cbc'] client mac:['hmac-sha2-256-etm@openssh.com', 'hmac-sha2-512-etm@openssh.com', 'hmac-sha1-etm@openssh.com', 'hmac-sha2-256', 'hmac-sha2-512', 'hmac-sha1'] server mac:['hmac-sha2-256-etm@openssh.com', 'hmac-sha2-512-etm@openssh.com', 'hmac-sha1-etm@openssh.com', 'hmac-sha2-256', 'hmac-sha2-512', 'hmac-sha1'] client compress:['none'] server compress:['none'] client lang:[''] server lang:[''] kex follows?False
DEB [20210113-08:50:27.144] thr=4   paramiko.transport: Kex agreed: curve25519-sha256@libssh.org
DEB [20210113-08:50:27.144] thr=4   paramiko.transport: HostKey agreed: ssh-rsa
DEB [20210113-08:50:27.144] thr=4   paramiko.transport: Cipher agreed: aes256-ctr
DEB [20210113-08:50:27.144] thr=4   paramiko.transport: MAC agreed: hmac-sha2-256-etm@openssh.com
DEB [20210113-08:50:27.145] thr=4   paramiko.transport: Compression agreed: none
DEB [20210113-08:50:27.161] thr=4   paramiko.transport: kex engine KexCurve25519 specified hash_algo <built-in function openssl_sha256>
DEB [20210113-08:50:27.161] thr=4   paramiko.transport: Switch to new keys ...
DEB [20210113-08:50:27.163] thr=4   paramiko.transport: Auth request (type=none) service=ssh-connection, username=test
INF [20210113-08:50:27.163] thr=4   paramiko.transport: Auth rejected (none).
DEB [20210113-08:50:27.164] thr=4   paramiko.transport: Auth request (type=password) service=ssh-connection, username=test
INF [20210113-08:50:27.165] thr=4   paramiko.transport: Auth granted (password).
DEB [20210113-08:50:27.178] thr=4   paramiko.transport: EOF in transport thread
DEB [20210113-09:11:00.454] thr=1   paramiko.transport: starting thread (server mode): 0xfc966dc0
DEB [20210113-09:11:00.631] thr=1   paramiko.transport: Local version/idstring: SSH-2.0-OpenSSH_6.6.1p1 Ubuntu-2ubuntu2
DEB [20210113-09:11:00.631] thr=1   paramiko.transport: Remote version/idstring: SSH-2.0-OpenSSH_8.4p1 Debian-3
INF [20210113-09:11:00.631] thr=1   paramiko.transport: Connected (version 2.0, client OpenSSH_8.4p1)
DEB [20210113-09:11:00.763] thr=1   paramiko.transport: kex algos:['curve25519-sha256', 'curve25519-sha256@libssh.org', 'ecdh-sha2-nistp256', 'ecdh-sha2-nistp384', 'ecdh-sha2-nistp521', 'diffie-hellman-group-exchange-sha256', 'diffie-hellman-group16-sha512', 'diffie-hellman-group18-sha512', 'diffie-hellman-group14-sha256', 'ext-info-c'] server key:['rsa-sha2-512-cert-v01@openssh.com', 'rsa-sha2-256-cert-v01@openssh.com', 'ssh-rsa-cert-v01@openssh.com', 'rsa-sha2-512', 'rsa-sha2-256', 'ssh-rsa', 'ecdsa-sha2-nistp256-cert-v01@openssh.com', 'ecdsa-sha2-nistp384-cert-v01@openssh.com', 'ecdsa-sha2-nistp521-cert-v01@openssh.com', 'sk-ecdsa-sha2-nistp256-cert-v01@openssh.com', 'ssh-ed25519-cert-v01@openssh.com', 'sk-ssh-ed25519-cert-v01@openssh.com', 'ecdsa-sha2-nistp256', 'ecdsa-sha2-nistp384', 'ecdsa-sha2-nistp521', 'sk-ecdsa-sha2-nistp256@openssh.com', 'ssh-ed25519', 'sk-ssh-ed25519@openssh.com'] client encrypt:['chacha20-poly1305@openssh.com', 'aes128-ctr', 'aes192-ctr', 'aes256-ctr', 'aes128-gcm@openssh.com', 'aes256-gcm@openssh.com'] server encrypt:['chacha20-poly1305@openssh.com', 'aes128-ctr', 'aes192-ctr', 'aes256-ctr', 'aes128-gcm@openssh.com', 'aes256-gcm@openssh.com'] client mac:['umac-64-etm@openssh.com', 'umac-128-etm@openssh.com', 'hmac-sha2-256-etm@openssh.com', 'hmac-sha2-512-etm@openssh.com', 'hmac-sha1-etm@openssh.com', 'umac-64@openssh.com', 'umac-128@openssh.com', 'hmac-sha2-256', 'hmac-sha2-512', 'hmac-sha1'] server mac:['umac-64-etm@openssh.com', 'umac-128-etm@openssh.com', 'hmac-sha2-256-etm@openssh.com', 'hmac-sha2-512-etm@openssh.com', 'hmac-sha1-etm@openssh.com', 'umac-64@openssh.com', 'umac-128@openssh.com', 'hmac-sha2-256', 'hmac-sha2-512', 'hmac-sha1'] client compress:['none', 'zlib@openssh.com', 'zlib'] server compress:['none', 'zlib@openssh.com', 'zlib'] client lang:[''] server lang:[''] kex follows?False
DEB [20210113-09:11:00.764] thr=1   paramiko.transport: Kex agreed: curve25519-sha256@libssh.org
DEB [20210113-09:11:00.764] thr=1   paramiko.transport: HostKey agreed: ssh-rsa
DEB [20210113-09:11:00.764] thr=1   paramiko.transport: Cipher agreed: aes128-ctr
DEB [20210113-09:11:00.764] thr=1   paramiko.transport: MAC agreed: hmac-sha2-256-etm@openssh.com
DEB [20210113-09:11:00.764] thr=1   paramiko.transport: Compression agreed: none
DEB [20210113-09:11:00.784] thr=1   paramiko.transport: kex engine KexCurve25519 specified hash_algo <built-in function openssl_sha256>
DEB [20210113-09:11:00.792] thr=1   paramiko.transport: Switch to new keys ...
DEB [20210113-09:11:00.880] thr=1   paramiko.transport: Auth request (type=none) service=ssh-connection, username=test
INF [20210113-09:11:00.880] thr=1   paramiko.transport: Auth rejected (none).
DEB [20210113-09:11:00.881] thr=1   paramiko.transport: Auth request (type=publickey) service=ssh-connection, username=test
INF [20210113-09:11:01.101] thr=1   paramiko.transport: Auth rejected (publickey).
DEB [20210113-09:11:01.102] thr=1   paramiko.transport: Auth request (type=publickey) service=ssh-connection, username=test
INF [20210113-09:11:01.318] thr=1   paramiko.transport: Auth rejected (publickey).
DEB [20210113-09:11:01.319] thr=1   paramiko.transport: Auth request (type=publickey) service=ssh-connection, username=test
INF [20210113-09:11:01.531] thr=1   paramiko.transport: Auth rejected (publickey).
DEB [20210113-09:11:01.532] thr=1   paramiko.transport: Auth request (type=publickey) service=ssh-connection, username=test
DEB [20210113-09:11:06.182] thr=1   paramiko.transport: EOF in transport thread
DEB [20210113-09:11:16.097] thr=2   paramiko.transport: starting thread (server mode): 0xfc95e070
DEB [20210113-09:11:16.098] thr=2   paramiko.transport: Local version/idstring: SSH-2.0-OpenSSH_6.6.1p1 Ubuntu-2ubuntu2
DEB [20210113-09:11:16.098] thr=2   paramiko.transport: Remote version/idstring: SSH-2.0-OpenSSH_8.4p1 Debian-3
INF [20210113-09:11:16.098] thr=2   paramiko.transport: Connected (version 2.0, client OpenSSH_8.4p1)
DEB [20210113-09:11:16.099] thr=2   paramiko.transport: kex algos:['curve25519-sha256', 'curve25519-sha256@libssh.org', 'ecdh-sha2-nistp256', 'ecdh-sha2-nistp384', 'ecdh-sha2-nistp521', 'diffie-hellman-group-exchange-sha256', 'diffie-hellman-group16-sha512', 'diffie-hellman-group18-sha512', 'diffie-hellman-group14-sha256', 'ext-info-c'] server key:['rsa-sha2-512-cert-v01@openssh.com', 'rsa-sha2-256-cert-v01@openssh.com', 'ssh-rsa-cert-v01@openssh.com', 'rsa-sha2-512', 'rsa-sha2-256', 'ssh-rsa', 'ecdsa-sha2-nistp256-cert-v01@openssh.com', 'ecdsa-sha2-nistp384-cert-v01@openssh.com', 'ecdsa-sha2-nistp521-cert-v01@openssh.com', 'sk-ecdsa-sha2-nistp256-cert-v01@openssh.com', 'ssh-ed25519-cert-v01@openssh.com', 'sk-ssh-ed25519-cert-v01@openssh.com', 'ecdsa-sha2-nistp256', 'ecdsa-sha2-nistp384', 'ecdsa-sha2-nistp521', 'sk-ecdsa-sha2-nistp256@openssh.com', 'ssh-ed25519', 'sk-ssh-ed25519@openssh.com'] client encrypt:['chacha20-poly1305@openssh.com', 'aes128-ctr', 'aes192-ctr', 'aes256-ctr', 'aes128-gcm@openssh.com', 'aes256-gcm@openssh.com'] server encrypt:['chacha20-poly1305@openssh.com', 'aes128-ctr', 'aes192-ctr', 'aes256-ctr', 'aes128-gcm@openssh.com', 'aes256-gcm@openssh.com'] client mac:['umac-64-etm@openssh.com', 'umac-128-etm@openssh.com', 'hmac-sha2-256-etm@openssh.com', 'hmac-sha2-512-etm@openssh.com', 'hmac-sha1-etm@openssh.com', 'umac-64@openssh.com', 'umac-128@openssh.com', 'hmac-sha2-256', 'hmac-sha2-512', 'hmac-sha1'] server mac:['umac-64-etm@openssh.com', 'umac-128-etm@openssh.com', 'hmac-sha2-256-etm@openssh.com', 'hmac-sha2-512-etm@openssh.com', 'hmac-sha1-etm@openssh.com', 'umac-64@openssh.com', 'umac-128@openssh.com', 'hmac-sha2-256', 'hmac-sha2-512', 'hmac-sha1'] client compress:['none', 'zlib@openssh.com', 'zlib'] server compress:['none', 'zlib@openssh.com', 'zlib'] client lang:[''] server lang:[''] kex follows?False
DEB [20210113-09:11:16.099] thr=2   paramiko.transport: Kex agreed: curve25519-sha256@libssh.org
DEB [20210113-09:11:16.099] thr=2   paramiko.transport: HostKey agreed: ssh-rsa
DEB [20210113-09:11:16.099] thr=2   paramiko.transport: Cipher agreed: aes128-ctr
DEB [20210113-09:11:16.100] thr=2   paramiko.transport: MAC agreed: hmac-sha2-256-etm@openssh.com
DEB [20210113-09:11:16.100] thr=2   paramiko.transport: Compression agreed: none
DEB [20210113-09:11:16.116] thr=2   paramiko.transport: kex engine KexCurve25519 specified hash_algo <built-in function openssl_sha256>
DEB [20210113-09:11:16.121] thr=2   paramiko.transport: Switch to new keys ...
DEB [20210113-09:11:16.122] thr=2   paramiko.transport: Auth request (type=none) service=ssh-connection, username=test
INF [20210113-09:11:16.122] thr=2   paramiko.transport: Auth rejected (none).
DEB [20210113-09:11:16.123] thr=2   paramiko.transport: Auth request (type=publickey) service=ssh-connection, username=test
INF [20210113-09:11:16.372] thr=2   paramiko.transport: Auth rejected (publickey).
DEB [20210113-09:11:16.373] thr=2   paramiko.transport: Auth request (type=publickey) service=ssh-connection, username=test
INF [20210113-09:11:16.586] thr=2   paramiko.transport: Auth rejected (publickey).
DEB [20210113-09:11:16.587] thr=2   paramiko.transport: Auth request (type=publickey) service=ssh-connection, username=test
INF [20210113-09:11:16.800] thr=2   paramiko.transport: Auth rejected (publickey).
DEB [20210113-09:11:16.801] thr=2   paramiko.transport: EOF in transport thread
DEB [20210113-09:11:23.844] thr=3   paramiko.transport: starting thread (server mode): 0xfc94ff70
DEB [20210113-09:11:23.844] thr=3   paramiko.transport: Local version/idstring: SSH-2.0-OpenSSH_6.6.1p1 Ubuntu-2ubuntu2
DEB [20210113-09:11:23.845] thr=3   paramiko.transport: Remote version/idstring: SSH-2.0-OpenSSH_8.4p1 Debian-3
INF [20210113-09:11:23.845] thr=3   paramiko.transport: Connected (version 2.0, client OpenSSH_8.4p1)
DEB [20210113-09:11:23.848] thr=3   paramiko.transport: kex algos:['curve25519-sha256', 'curve25519-sha256@libssh.org', 'ecdh-sha2-nistp256', 'ecdh-sha2-nistp384', 'ecdh-sha2-nistp521', 'diffie-hellman-group-exchange-sha256', 'diffie-hellman-group16-sha512', 'diffie-hellman-group18-sha512', 'diffie-hellman-group14-sha256', 'ext-info-c'] server key:['rsa-sha2-512-cert-v01@openssh.com', 'rsa-sha2-256-cert-v01@openssh.com', 'ssh-rsa-cert-v01@openssh.com', 'rsa-sha2-512', 'rsa-sha2-256', 'ssh-rsa', 'ecdsa-sha2-nistp256-cert-v01@openssh.com', 'ecdsa-sha2-nistp384-cert-v01@openssh.com', 'ecdsa-sha2-nistp521-cert-v01@openssh.com', 'sk-ecdsa-sha2-nistp256-cert-v01@openssh.com', 'ssh-ed25519-cert-v01@openssh.com', 'sk-ssh-ed25519-cert-v01@openssh.com', 'ecdsa-sha2-nistp256', 'ecdsa-sha2-nistp384', 'ecdsa-sha2-nistp521', 'sk-ecdsa-sha2-nistp256@openssh.com', 'ssh-ed25519', 'sk-ssh-ed25519@openssh.com'] client encrypt:['chacha20-poly1305@openssh.com', 'aes128-ctr', 'aes192-ctr', 'aes256-ctr', 'aes128-gcm@openssh.com', 'aes256-gcm@openssh.com'] server encrypt:['chacha20-poly1305@openssh.com', 'aes128-ctr', 'aes192-ctr', 'aes256-ctr', 'aes128-gcm@openssh.com', 'aes256-gcm@openssh.com'] client mac:['umac-64-etm@openssh.com', 'umac-128-etm@openssh.com', 'hmac-sha2-256-etm@openssh.com', 'hmac-sha2-512-etm@openssh.com', 'hmac-sha1-etm@openssh.com', 'umac-64@openssh.com', 'umac-128@openssh.com', 'hmac-sha2-256', 'hmac-sha2-512', 'hmac-sha1'] server mac:['umac-64-etm@openssh.com', 'umac-128-etm@openssh.com', 'hmac-sha2-256-etm@openssh.com', 'hmac-sha2-512-etm@openssh.com', 'hmac-sha1-etm@openssh.com', 'umac-64@openssh.com', 'umac-128@openssh.com', 'hmac-sha2-256', 'hmac-sha2-512', 'hmac-sha1'] client compress:['none', 'zlib@openssh.com', 'zlib'] server compress:['none', 'zlib@openssh.com', 'zlib'] client lang:[''] server lang:[''] kex follows?False
DEB [20210113-09:11:23.848] thr=3   paramiko.transport: Kex agreed: curve25519-sha256@libssh.org
DEB [20210113-09:11:23.848] thr=3   paramiko.transport: HostKey agreed: ssh-rsa
DEB [20210113-09:11:23.848] thr=3   paramiko.transport: Cipher agreed: aes128-ctr
DEB [20210113-09:11:23.849] thr=3   paramiko.transport: MAC agreed: hmac-sha2-256-etm@openssh.com
DEB [20210113-09:11:23.849] thr=3   paramiko.transport: Compression agreed: none
DEB [20210113-09:11:23.868] thr=3   paramiko.transport: kex engine KexCurve25519 specified hash_algo <built-in function openssl_sha256>
DEB [20210113-09:11:23.876] thr=3   paramiko.transport: Switch to new keys ...
DEB [20210113-09:11:23.878] thr=3   paramiko.transport: Auth request (type=none) service=ssh-connection, username=test
INF [20210113-09:11:23.878] thr=3   paramiko.transport: Auth rejected (none).
DEB [20210113-09:11:23.879] thr=3   paramiko.transport: Auth request (type=publickey) service=ssh-connection, username=test
INF [20210113-09:11:24.118] thr=3   paramiko.transport: Auth rejected (publickey).
DEB [20210113-09:11:24.119] thr=3   paramiko.transport: Auth request (type=publickey) service=ssh-connection, username=test
INF [20210113-09:11:24.332] thr=3   paramiko.transport: Auth rejected (publickey).
DEB [20210113-09:11:24.333] thr=3   paramiko.transport: Auth request (type=publickey) service=ssh-connection, username=test
INF [20210113-09:11:24.546] thr=3   paramiko.transport: Auth rejected (publickey).
DEB [20210113-09:11:24.547] thr=3   paramiko.transport: EOF in transport thread
DEB [20210113-09:11:59.281] thr=1   paramiko.transport: starting thread (server mode): 0xbcc7aa60
DEB [20210113-09:11:59.282] thr=1   paramiko.transport: Local version/idstring: SSH-2.0-OpenSSH_6.6.1p1 Ubuntu-2ubuntu2
DEB [20210113-09:11:59.282] thr=1   paramiko.transport: Remote version/idstring: SSH-2.0-OpenSSH_8.4p1 Debian-3
INF [20210113-09:11:59.282] thr=1   paramiko.transport: Connected (version 2.0, client OpenSSH_8.4p1)
DEB [20210113-09:11:59.283] thr=1   paramiko.transport: kex algos:['curve25519-sha256', 'curve25519-sha256@libssh.org', 'ecdh-sha2-nistp256', 'ecdh-sha2-nistp384', 'ecdh-sha2-nistp521', 'diffie-hellman-group-exchange-sha256', 'diffie-hellman-group16-sha512', 'diffie-hellman-group18-sha512', 'diffie-hellman-group14-sha256', 'ext-info-c'] server key:['rsa-sha2-512-cert-v01@openssh.com', 'rsa-sha2-256-cert-v01@openssh.com', 'ssh-rsa-cert-v01@openssh.com', 'rsa-sha2-512', 'rsa-sha2-256', 'ssh-rsa', 'ecdsa-sha2-nistp256-cert-v01@openssh.com', 'ecdsa-sha2-nistp384-cert-v01@openssh.com', 'ecdsa-sha2-nistp521-cert-v01@openssh.com', 'sk-ecdsa-sha2-nistp256-cert-v01@openssh.com', 'ssh-ed25519-cert-v01@openssh.com', 'sk-ssh-ed25519-cert-v01@openssh.com', 'ecdsa-sha2-nistp256', 'ecdsa-sha2-nistp384', 'ecdsa-sha2-nistp521', 'sk-ecdsa-sha2-nistp256@openssh.com', 'ssh-ed25519', 'sk-ssh-ed25519@openssh.com'] client encrypt:['chacha20-poly1305@openssh.com', 'aes128-ctr', 'aes192-ctr', 'aes256-ctr', 'aes128-gcm@openssh.com', 'aes256-gcm@openssh.com'] server encrypt:['chacha20-poly1305@openssh.com', 'aes128-ctr', 'aes192-ctr', 'aes256-ctr', 'aes128-gcm@openssh.com', 'aes256-gcm@openssh.com'] client mac:['umac-64-etm@openssh.com', 'umac-128-etm@openssh.com', 'hmac-sha2-256-etm@openssh.com', 'hmac-sha2-512-etm@openssh.com', 'hmac-sha1-etm@openssh.com', 'umac-64@openssh.com', 'umac-128@openssh.com', 'hmac-sha2-256', 'hmac-sha2-512', 'hmac-sha1'] server mac:['umac-64-etm@openssh.com', 'umac-128-etm@openssh.com', 'hmac-sha2-256-etm@openssh.com', 'hmac-sha2-512-etm@openssh.com', 'hmac-sha1-etm@openssh.com', 'umac-64@openssh.com', 'umac-128@openssh.com', 'hmac-sha2-256', 'hmac-sha2-512', 'hmac-sha1'] client compress:['none', 'zlib@openssh.com', 'zlib'] server compress:['none', 'zlib@openssh.com', 'zlib'] client lang:[''] server lang:[''] kex follows?False
DEB [20210113-09:11:59.283] thr=1   paramiko.transport: Kex agreed: curve25519-sha256@libssh.org
DEB [20210113-09:11:59.284] thr=1   paramiko.transport: HostKey agreed: ssh-rsa
DEB [20210113-09:11:59.284] thr=1   paramiko.transport: Cipher agreed: aes128-ctr
DEB [20210113-09:11:59.284] thr=1   paramiko.transport: MAC agreed: hmac-sha2-256-etm@openssh.com
DEB [20210113-09:11:59.284] thr=1   paramiko.transport: Compression agreed: none
DEB [20210113-09:11:59.301] thr=1   paramiko.transport: kex engine KexCurve25519 specified hash_algo <built-in function openssl_sha256>
DEB [20210113-09:11:59.305] thr=1   paramiko.transport: Switch to new keys ...
DEB [20210113-09:11:59.307] thr=1   paramiko.transport: Auth request (type=none) service=ssh-connection, username=test
INF [20210113-09:11:59.307] thr=1   paramiko.transport: Auth rejected (none).
DEB [20210113-09:12:01.116] thr=1   paramiko.transport: Auth request (type=password) service=ssh-connection, username=test
INF [20210113-09:12:01.117] thr=1   paramiko.transport: Auth rejected (password).
DEB [20210113-09:12:02.097] thr=1   paramiko.transport: Auth request (type=password) service=ssh-connection, username=test
INF [20210113-09:12:02.098] thr=1   paramiko.transport: Auth rejected (password).
DEB [20210113-09:12:02.849] thr=1   paramiko.transport: Auth request (type=password) service=ssh-connection, username=test
INF [20210113-09:12:02.850] thr=1   paramiko.transport: Auth rejected (password).
DEB [20210113-09:12:02.851] thr=1   paramiko.transport: EOF in transport thread
DEB [20210113-09:12:05.651] thr=2   paramiko.transport: starting thread (server mode): 0xbcc72490
DEB [20210113-09:12:05.652] thr=2   paramiko.transport: Local version/idstring: SSH-2.0-OpenSSH_6.6.1p1 Ubuntu-2ubuntu2
DEB [20210113-09:12:05.652] thr=2   paramiko.transport: Remote version/idstring: SSH-2.0-OpenSSH_8.4p1 Debian-3
INF [20210113-09:12:05.652] thr=2   paramiko.transport: Connected (version 2.0, client OpenSSH_8.4p1)
DEB [20210113-09:12:05.654] thr=2   paramiko.transport: kex algos:['curve25519-sha256', 'curve25519-sha256@libssh.org', 'ecdh-sha2-nistp256', 'ecdh-sha2-nistp384', 'ecdh-sha2-nistp521', 'diffie-hellman-group-exchange-sha256', 'diffie-hellman-group16-sha512', 'diffie-hellman-group18-sha512', 'diffie-hellman-group14-sha256', 'ext-info-c'] server key:['rsa-sha2-512-cert-v01@openssh.com', 'rsa-sha2-256-cert-v01@openssh.com', 'ssh-rsa-cert-v01@openssh.com', 'rsa-sha2-512', 'rsa-sha2-256', 'ssh-rsa', 'ecdsa-sha2-nistp256-cert-v01@openssh.com', 'ecdsa-sha2-nistp384-cert-v01@openssh.com', 'ecdsa-sha2-nistp521-cert-v01@openssh.com', 'sk-ecdsa-sha2-nistp256-cert-v01@openssh.com', 'ssh-ed25519-cert-v01@openssh.com', 'sk-ssh-ed25519-cert-v01@openssh.com', 'ecdsa-sha2-nistp256', 'ecdsa-sha2-nistp384', 'ecdsa-sha2-nistp521', 'sk-ecdsa-sha2-nistp256@openssh.com', 'ssh-ed25519', 'sk-ssh-ed25519@openssh.com'] client encrypt:['chacha20-poly1305@openssh.com', 'aes128-ctr', 'aes192-ctr', 'aes256-ctr', 'aes128-gcm@openssh.com', 'aes256-gcm@openssh.com'] server encrypt:['chacha20-poly1305@openssh.com', 'aes128-ctr', 'aes192-ctr', 'aes256-ctr', 'aes128-gcm@openssh.com', 'aes256-gcm@openssh.com'] client mac:['umac-64-etm@openssh.com', 'umac-128-etm@openssh.com', 'hmac-sha2-256-etm@openssh.com', 'hmac-sha2-512-etm@openssh.com', 'hmac-sha1-etm@openssh.com', 'umac-64@openssh.com', 'umac-128@openssh.com', 'hmac-sha2-256', 'hmac-sha2-512', 'hmac-sha1'] server mac:['umac-64-etm@openssh.com', 'umac-128-etm@openssh.com', 'hmac-sha2-256-etm@openssh.com', 'hmac-sha2-512-etm@openssh.com', 'hmac-sha1-etm@openssh.com', 'umac-64@openssh.com', 'umac-128@openssh.com', 'hmac-sha2-256', 'hmac-sha2-512', 'hmac-sha1'] client compress:['none', 'zlib@openssh.com', 'zlib'] server compress:['none', 'zlib@openssh.com', 'zlib'] client lang:[''] server lang:[''] kex follows?False
DEB [20210113-09:12:05.654] thr=2   paramiko.transport: Kex agreed: curve25519-sha256@libssh.org
DEB [20210113-09:12:05.655] thr=2   paramiko.transport: HostKey agreed: ssh-rsa
DEB [20210113-09:12:05.655] thr=2   paramiko.transport: Cipher agreed: aes128-ctr
DEB [20210113-09:12:05.655] thr=2   paramiko.transport: MAC agreed: hmac-sha2-256-etm@openssh.com
DEB [20210113-09:12:05.655] thr=2   paramiko.transport: Compression agreed: none
DEB [20210113-09:12:05.674] thr=2   paramiko.transport: kex engine KexCurve25519 specified hash_algo <built-in function openssl_sha256>
DEB [20210113-09:12:05.683] thr=2   paramiko.transport: Switch to new keys ...
DEB [20210113-09:12:05.684] thr=2   paramiko.transport: Auth request (type=none) service=ssh-connection, username=test
INF [20210113-09:12:05.684] thr=2   paramiko.transport: Auth rejected (none).
DEB [20210113-09:12:07.220] thr=2   paramiko.transport: Auth request (type=password) service=ssh-connection, username=test
INF [20210113-09:12:07.221] thr=2   paramiko.transport: Auth rejected (password).
DEB [20210113-09:12:08.462] thr=2   paramiko.transport: Auth request (type=password) service=ssh-connection, username=test
INF [20210113-09:12:08.463] thr=2   paramiko.transport: Auth rejected (password).
DEB [20210113-09:12:09.682] thr=2   paramiko.transport: Auth request (type=password) service=ssh-connection, username=test
INF [20210113-09:12:09.682] thr=2   paramiko.transport: Auth rejected (password).
DEB [20210113-09:12:09.684] thr=2   paramiko.transport: EOF in transport thread
DEB [20210113-09:14:09.406] thr=1   paramiko.transport: starting thread (server mode): 0x917cfa60
DEB [20210113-09:14:09.407] thr=1   paramiko.transport: Local version/idstring: SSH-2.0-OpenSSH_6.6.1p1 Ubuntu-2ubuntu2
ERR [20210113-09:14:09.407] thr=1   paramiko.transport: Exception: Error reading SSH protocol banner
ERR [20210113-09:14:09.409] thr=1   paramiko.transport: Traceback (most recent call last):
ERR [20210113-09:14:09.409] thr=1   paramiko.transport:   File "/usr/lib/python3/dist-packages/paramiko/transport.py", line 2211, in _check_banner
ERR [20210113-09:14:09.409] thr=1   paramiko.transport:     buf = self.packetizer.readline(timeout)
ERR [20210113-09:14:09.409] thr=1   paramiko.transport:   File "/usr/lib/python3/dist-packages/paramiko/packet.py", line 380, in readline
ERR [20210113-09:14:09.409] thr=1   paramiko.transport:     buf += self._read_timeout(timeout)
ERR [20210113-09:14:09.410] thr=1   paramiko.transport:   File "/usr/lib/python3/dist-packages/paramiko/packet.py", line 609, in _read_timeout
ERR [20210113-09:14:09.410] thr=1   paramiko.transport:     raise EOFError()
ERR [20210113-09:14:09.410] thr=1   paramiko.transport: EOFError
ERR [20210113-09:14:09.410] thr=1   paramiko.transport: 
ERR [20210113-09:14:09.410] thr=1   paramiko.transport: During handling of the above exception, another exception occurred:
ERR [20210113-09:14:09.410] thr=1   paramiko.transport: 
ERR [20210113-09:14:09.410] thr=1   paramiko.transport: Traceback (most recent call last):
ERR [20210113-09:14:09.410] thr=1   paramiko.transport:   File "/usr/lib/python3/dist-packages/paramiko/transport.py", line 2039, in run
ERR [20210113-09:14:09.410] thr=1   paramiko.transport:     self._check_banner()
ERR [20210113-09:14:09.410] thr=1   paramiko.transport:   File "/usr/lib/python3/dist-packages/paramiko/transport.py", line 2215, in _check_banner
ERR [20210113-09:14:09.411] thr=1   paramiko.transport:     raise SSHException(
ERR [20210113-09:14:09.411] thr=1   paramiko.transport: paramiko.ssh_exception.SSHException: Error reading SSH protocol banner
ERR [20210113-09:14:09.411] thr=1   paramiko.transport: 
DEB [20210113-09:14:13.213] thr=2   paramiko.transport: starting thread (server mode): 0x917c6df0
DEB [20210113-09:14:13.213] thr=2   paramiko.transport: Local version/idstring: SSH-2.0-OpenSSH_6.6.1p1 Ubuntu-2ubuntu2
DEB [20210113-09:14:13.215] thr=3   paramiko.transport: starting thread (server mode): 0x917c6820
DEB [20210113-09:14:13.215] thr=3   paramiko.transport: Local version/idstring: SSH-2.0-OpenSSH_6.6.1p1 Ubuntu-2ubuntu2
DEB [20210113-09:14:13.215] thr=2   paramiko.transport: Remote version/idstring: SSH-1.5-Nmap-SSH1-Hostkey
DEB [20210113-09:14:13.215] thr=3   paramiko.transport: Remote version/idstring: SSH-1.5-NmapNSE_1.0
ERR [20210113-09:14:13.215] thr=2   paramiko.transport: Exception: Incompatible version (1.5 instead of 2.0)
ERR [20210113-09:14:13.216] thr=3   paramiko.transport: Exception: Incompatible version (1.5 instead of 2.0)
ERR [20210113-09:14:13.216] thr=2   paramiko.transport: Traceback (most recent call last):
ERR [20210113-09:14:13.216] thr=3   paramiko.transport: Traceback (most recent call last):
ERR [20210113-09:14:13.216] thr=2   paramiko.transport:   File "/usr/lib/python3/dist-packages/paramiko/transport.py", line 2039, in run
ERR [20210113-09:14:13.217] thr=3   paramiko.transport:   File "/usr/lib/python3/dist-packages/paramiko/transport.py", line 2039, in run
ERR [20210113-09:14:13.217] thr=2   paramiko.transport:     self._check_banner()
ERR [20210113-09:14:13.217] thr=3   paramiko.transport:     self._check_banner()
ERR [20210113-09:14:13.217] thr=2   paramiko.transport:   File "/usr/lib/python3/dist-packages/paramiko/transport.py", line 2240, in _check_banner
ERR [20210113-09:14:13.217] thr=3   paramiko.transport:   File "/usr/lib/python3/dist-packages/paramiko/transport.py", line 2240, in _check_banner
ERR [20210113-09:14:13.217] thr=2   paramiko.transport:     raise SSHException(msg.format(version))
ERR [20210113-09:14:13.218] thr=3   paramiko.transport:     raise SSHException(msg.format(version))
ERR [20210113-09:14:13.218] thr=2   paramiko.transport: paramiko.ssh_exception.SSHException: Incompatible version (1.5 instead of 2.0)
ERR [20210113-09:14:13.218] thr=3   paramiko.transport: paramiko.ssh_exception.SSHException: Incompatible version (1.5 instead of 2.0)
ERR [20210113-09:14:13.218] thr=2   paramiko.transport: 
ERR [20210113-09:14:13.218] thr=3   paramiko.transport: 
DEB [20210113-09:14:13.437] thr=4   paramiko.transport: starting thread (server mode): 0x917ce3d0
DEB [20210113-09:14:13.437] thr=4   paramiko.transport: Local version/idstring: SSH-2.0-OpenSSH_6.6.1p1 Ubuntu-2ubuntu2
DEB [20210113-09:14:13.437] thr=4   paramiko.transport: Remote version/idstring: SSH-2.0-Nmap-SSH2-Hostkey
INF [20210113-09:14:13.438] thr=4   paramiko.transport: Connected (version 2.0, client Nmap-SSH2-Hostkey)
DEB [20210113-09:14:13.439] thr=4   paramiko.transport: kex algos:['diffie-hellman-group1-sha1', 'diffie-hellman-group14-sha1', 'diffie-hellman-group14-sha256', 'diffie-hellman-group16-sha512', 'diffie-hellman-group-exchange-sha1', 'diffie-hellman-group-exchange-sha256'] server key:['ssh-dss'] client encrypt:['aes128-cbc', '3des-cbc', 'blowfish-cbc', 'aes192-cbc', 'aes256-cbc', 'aes128-ctr', 'aes192-ctr', 'aes256-ctr'] server encrypt:['aes128-cbc', '3des-cbc', 'blowfish-cbc', 'aes192-cbc', 'aes256-cbc', 'aes128-ctr', 'aes192-ctr', 'aes256-ctr'] client mac:['hmac-md5', 'hmac-sha1', 'hmac-ripemd160'] server mac:['hmac-md5', 'hmac-sha1', 'hmac-ripemd160'] client compress:['none'] server compress:['none'] client lang:[''] server lang:[''] kex follows?False
DEB [20210113-09:14:13.439] thr=4   paramiko.transport: Kex agreed: diffie-hellman-group1-sha1
ERR [20210113-09:14:13.440] thr=4   paramiko.transport: Exception: Incompatible ssh peer (no acceptable host key)
ERR [20210113-09:14:13.440] thr=4   paramiko.transport: Traceback (most recent call last):
ERR [20210113-09:14:13.440] thr=4   paramiko.transport:   File "/usr/lib/python3/dist-packages/paramiko/transport.py", line 2083, in run
ERR [20210113-09:14:13.440] thr=4   paramiko.transport:     self._handler_table[ptype](self, m)
ERR [20210113-09:14:13.440] thr=4   paramiko.transport:   File "/usr/lib/python3/dist-packages/paramiko/transport.py", line 2198, in _negotiate_keys
ERR [20210113-09:14:13.441] thr=4   paramiko.transport:     self._parse_kex_init(m)
ERR [20210113-09:14:13.442] thr=4   paramiko.transport:   File "/usr/lib/python3/dist-packages/paramiko/transport.py", line 2377, in _parse_kex_init
ERR [20210113-09:14:13.442] thr=4   paramiko.transport:     raise SSHException(
ERR [20210113-09:14:13.442] thr=4   paramiko.transport: paramiko.ssh_exception.SSHException: Incompatible ssh peer (no acceptable host key)
ERR [20210113-09:14:13.442] thr=4   paramiko.transport: 
DEB [20210113-09:14:13.705] thr=5   paramiko.transport: starting thread (server mode): 0x917cf3a0
DEB [20210113-09:14:13.705] thr=5   paramiko.transport: Local version/idstring: SSH-2.0-OpenSSH_6.6.1p1 Ubuntu-2ubuntu2
DEB [20210113-09:14:13.706] thr=5   paramiko.transport: Remote version/idstring: SSH-2.0-Nmap-SSH2-Hostkey
INF [20210113-09:14:13.706] thr=5   paramiko.transport: Connected (version 2.0, client Nmap-SSH2-Hostkey)
DEB [20210113-09:14:13.707] thr=5   paramiko.transport: kex algos:['diffie-hellman-group1-sha1', 'diffie-hellman-group14-sha1', 'diffie-hellman-group14-sha256', 'diffie-hellman-group16-sha512', 'diffie-hellman-group-exchange-sha1', 'diffie-hellman-group-exchange-sha256'] server key:['ssh-rsa'] client encrypt:['aes128-cbc', '3des-cbc', 'blowfish-cbc', 'aes192-cbc', 'aes256-cbc', 'aes128-ctr', 'aes192-ctr', 'aes256-ctr'] server encrypt:['aes128-cbc', '3des-cbc', 'blowfish-cbc', 'aes192-cbc', 'aes256-cbc', 'aes128-ctr', 'aes192-ctr', 'aes256-ctr'] client mac:['hmac-md5', 'hmac-sha1', 'hmac-ripemd160'] server mac:['hmac-md5', 'hmac-sha1', 'hmac-ripemd160'] client compress:['none'] server compress:['none'] client lang:[''] server lang:[''] kex follows?False
DEB [20210113-09:14:13.707] thr=5   paramiko.transport: Kex agreed: diffie-hellman-group1-sha1
DEB [20210113-09:14:13.707] thr=5   paramiko.transport: HostKey agreed: ssh-rsa
DEB [20210113-09:14:13.707] thr=5   paramiko.transport: Cipher agreed: aes128-cbc
DEB [20210113-09:14:13.707] thr=5   paramiko.transport: MAC agreed: hmac-md5
DEB [20210113-09:14:13.707] thr=5   paramiko.transport: Compression agreed: none
DEB [20210113-09:14:13.741] thr=5   paramiko.transport: kex engine KexGroup1 specified hash_algo <built-in function openssl_sha1>
ERR [20210113-09:14:13.742] thr=5   paramiko.transport: Socket exception: Connection reset by peer (104)
DEB [20210113-09:14:13.958] thr=6   paramiko.transport: starting thread (server mode): 0x917f60d0
DEB [20210113-09:14:13.958] thr=6   paramiko.transport: Local version/idstring: SSH-2.0-OpenSSH_6.6.1p1 Ubuntu-2ubuntu2
DEB [20210113-09:14:13.958] thr=6   paramiko.transport: Remote version/idstring: SSH-2.0-Nmap-SSH2-Hostkey
INF [20210113-09:14:13.958] thr=6   paramiko.transport: Connected (version 2.0, client Nmap-SSH2-Hostkey)
DEB [20210113-09:14:13.960] thr=6   paramiko.transport: kex algos:['diffie-hellman-group1-sha1', 'diffie-hellman-group14-sha1', 'diffie-hellman-group14-sha256', 'diffie-hellman-group16-sha512', 'diffie-hellman-group-exchange-sha1', 'diffie-hellman-group-exchange-sha256'] server key:['ecdsa-sha2-nistp256'] client encrypt:['aes128-cbc', '3des-cbc', 'blowfish-cbc', 'aes192-cbc', 'aes256-cbc', 'aes128-ctr', 'aes192-ctr', 'aes256-ctr'] server encrypt:['aes128-cbc', '3des-cbc', 'blowfish-cbc', 'aes192-cbc', 'aes256-cbc', 'aes128-ctr', 'aes192-ctr', 'aes256-ctr'] client mac:['hmac-md5', 'hmac-sha1', 'hmac-ripemd160'] server mac:['hmac-md5', 'hmac-sha1', 'hmac-ripemd160'] client compress:['none'] server compress:['none'] client lang:[''] server lang:[''] kex follows?False
DEB [20210113-09:14:13.960] thr=6   paramiko.transport: Kex agreed: diffie-hellman-group1-sha1
ERR [20210113-09:14:13.960] thr=6   paramiko.transport: Exception: Incompatible ssh peer (no acceptable host key)
ERR [20210113-09:14:13.960] thr=6   paramiko.transport: Traceback (most recent call last):
ERR [20210113-09:14:13.961] thr=6   paramiko.transport:   File "/usr/lib/python3/dist-packages/paramiko/transport.py", line 2083, in run
ERR [20210113-09:14:13.961] thr=6   paramiko.transport:     self._handler_table[ptype](self, m)
ERR [20210113-09:14:13.961] thr=6   paramiko.transport:   File "/usr/lib/python3/dist-packages/paramiko/transport.py", line 2198, in _negotiate_keys
ERR [20210113-09:14:13.962] thr=6   paramiko.transport:     self._parse_kex_init(m)
ERR [20210113-09:14:13.962] thr=6   paramiko.transport:   File "/usr/lib/python3/dist-packages/paramiko/transport.py", line 2377, in _parse_kex_init
ERR [20210113-09:14:13.962] thr=6   paramiko.transport:     raise SSHException(
ERR [20210113-09:14:13.962] thr=6   paramiko.transport: paramiko.ssh_exception.SSHException: Incompatible ssh peer (no acceptable host key)
ERR [20210113-09:14:13.963] thr=6   paramiko.transport: 
DEB [20210113-09:14:14.217] thr=7   paramiko.transport: starting thread (server mode): 0x917cf2b0
DEB [20210113-09:14:14.217] thr=7   paramiko.transport: Local version/idstring: SSH-2.0-OpenSSH_6.6.1p1 Ubuntu-2ubuntu2
DEB [20210113-09:14:14.217] thr=7   paramiko.transport: Remote version/idstring: SSH-2.0-Nmap-SSH2-Hostkey
INF [20210113-09:14:14.217] thr=7   paramiko.transport: Connected (version 2.0, client Nmap-SSH2-Hostkey)
DEB [20210113-09:14:14.218] thr=7   paramiko.transport: kex algos:['diffie-hellman-group1-sha1', 'diffie-hellman-group14-sha1', 'diffie-hellman-group14-sha256', 'diffie-hellman-group16-sha512', 'diffie-hellman-group-exchange-sha1', 'diffie-hellman-group-exchange-sha256'] server key:['ecdsa-sha2-nistp384'] client encrypt:['aes128-cbc', '3des-cbc', 'blowfish-cbc', 'aes192-cbc', 'aes256-cbc', 'aes128-ctr', 'aes192-ctr', 'aes256-ctr'] server encrypt:['aes128-cbc', '3des-cbc', 'blowfish-cbc', 'aes192-cbc', 'aes256-cbc', 'aes128-ctr', 'aes192-ctr', 'aes256-ctr'] client mac:['hmac-md5', 'hmac-sha1', 'hmac-ripemd160'] server mac:['hmac-md5', 'hmac-sha1', 'hmac-ripemd160'] client compress:['none'] server compress:['none'] client lang:[''] server lang:[''] kex follows?False
DEB [20210113-09:14:14.218] thr=7   paramiko.transport: Kex agreed: diffie-hellman-group1-sha1
ERR [20210113-09:14:14.219] thr=7   paramiko.transport: Exception: Incompatible ssh peer (no acceptable host key)
ERR [20210113-09:14:14.219] thr=7   paramiko.transport: Traceback (most recent call last):
ERR [20210113-09:14:14.219] thr=7   paramiko.transport:   File "/usr/lib/python3/dist-packages/paramiko/transport.py", line 2083, in run
ERR [20210113-09:14:14.220] thr=7   paramiko.transport:     self._handler_table[ptype](self, m)
ERR [20210113-09:14:14.220] thr=7   paramiko.transport:   File "/usr/lib/python3/dist-packages/paramiko/transport.py", line 2198, in _negotiate_keys
ERR [20210113-09:14:14.221] thr=7   paramiko.transport:     self._parse_kex_init(m)
ERR [20210113-09:14:14.221] thr=7   paramiko.transport:   File "/usr/lib/python3/dist-packages/paramiko/transport.py", line 2377, in _parse_kex_init
ERR [20210113-09:14:14.221] thr=7   paramiko.transport:     raise SSHException(
ERR [20210113-09:14:14.221] thr=7   paramiko.transport: paramiko.ssh_exception.SSHException: Incompatible ssh peer (no acceptable host key)
ERR [20210113-09:14:14.221] thr=7   paramiko.transport: 
DEB [20210113-09:14:14.434] thr=8   paramiko.transport: starting thread (server mode): 0x91708790
DEB [20210113-09:14:14.435] thr=8   paramiko.transport: Local version/idstring: SSH-2.0-OpenSSH_6.6.1p1 Ubuntu-2ubuntu2
DEB [20210113-09:14:14.435] thr=8   paramiko.transport: Remote version/idstring: SSH-2.0-Nmap-SSH2-Hostkey
INF [20210113-09:14:14.435] thr=8   paramiko.transport: Connected (version 2.0, client Nmap-SSH2-Hostkey)
DEB [20210113-09:14:14.436] thr=8   paramiko.transport: kex algos:['diffie-hellman-group1-sha1', 'diffie-hellman-group14-sha1', 'diffie-hellman-group14-sha256', 'diffie-hellman-group16-sha512', 'diffie-hellman-group-exchange-sha1', 'diffie-hellman-group-exchange-sha256'] server key:['ecdsa-sha2-nistp521'] client encrypt:['aes128-cbc', '3des-cbc', 'blowfish-cbc', 'aes192-cbc', 'aes256-cbc', 'aes128-ctr', 'aes192-ctr', 'aes256-ctr'] server encrypt:['aes128-cbc', '3des-cbc', 'blowfish-cbc', 'aes192-cbc', 'aes256-cbc', 'aes128-ctr', 'aes192-ctr', 'aes256-ctr'] client mac:['hmac-md5', 'hmac-sha1', 'hmac-ripemd160'] server mac:['hmac-md5', 'hmac-sha1', 'hmac-ripemd160'] client compress:['none'] server compress:['none'] client lang:[''] server lang:[''] kex follows?False
DEB [20210113-09:14:14.436] thr=8   paramiko.transport: Kex agreed: diffie-hellman-group1-sha1
ERR [20210113-09:14:14.437] thr=8   paramiko.transport: Exception: Incompatible ssh peer (no acceptable host key)
ERR [20210113-09:14:14.438] thr=8   paramiko.transport: Traceback (most recent call last):
ERR [20210113-09:14:14.438] thr=8   paramiko.transport:   File "/usr/lib/python3/dist-packages/paramiko/transport.py", line 2083, in run
ERR [20210113-09:14:14.438] thr=8   paramiko.transport:     self._handler_table[ptype](self, m)
ERR [20210113-09:14:14.438] thr=8   paramiko.transport:   File "/usr/lib/python3/dist-packages/paramiko/transport.py", line 2198, in _negotiate_keys
ERR [20210113-09:14:14.438] thr=8   paramiko.transport:     self._parse_kex_init(m)
ERR [20210113-09:14:14.438] thr=8   paramiko.transport:   File "/usr/lib/python3/dist-packages/paramiko/transport.py", line 2377, in _parse_kex_init
ERR [20210113-09:14:14.438] thr=8   paramiko.transport:     raise SSHException(
ERR [20210113-09:14:14.438] thr=8   paramiko.transport: paramiko.ssh_exception.SSHException: Incompatible ssh peer (no acceptable host key)
ERR [20210113-09:14:14.439] thr=8   paramiko.transport: 
DEB [20210113-09:14:14.664] thr=9   paramiko.transport: starting thread (server mode): 0x91708880
DEB [20210113-09:14:14.665] thr=9   paramiko.transport: Local version/idstring: SSH-2.0-OpenSSH_6.6.1p1 Ubuntu-2ubuntu2
DEB [20210113-09:14:14.665] thr=9   paramiko.transport: Remote version/idstring: SSH-2.0-Nmap-SSH2-Hostkey
INF [20210113-09:14:14.665] thr=9   paramiko.transport: Connected (version 2.0, client Nmap-SSH2-Hostkey)
DEB [20210113-09:14:14.666] thr=9   paramiko.transport: kex algos:['diffie-hellman-group1-sha1', 'diffie-hellman-group14-sha1', 'diffie-hellman-group14-sha256', 'diffie-hellman-group16-sha512', 'diffie-hellman-group-exchange-sha1', 'diffie-hellman-group-exchange-sha256'] server key:['ssh-ed25519'] client encrypt:['aes128-cbc', '3des-cbc', 'blowfish-cbc', 'aes192-cbc', 'aes256-cbc', 'aes128-ctr', 'aes192-ctr', 'aes256-ctr'] server encrypt:['aes128-cbc', '3des-cbc', 'blowfish-cbc', 'aes192-cbc', 'aes256-cbc', 'aes128-ctr', 'aes192-ctr', 'aes256-ctr'] client mac:['hmac-md5', 'hmac-sha1', 'hmac-ripemd160'] server mac:['hmac-md5', 'hmac-sha1', 'hmac-ripemd160'] client compress:['none'] server compress:['none'] client lang:[''] server lang:[''] kex follows?False
DEB [20210113-09:14:14.667] thr=9   paramiko.transport: Kex agreed: diffie-hellman-group1-sha1
ERR [20210113-09:14:14.667] thr=9   paramiko.transport: Exception: Incompatible ssh peer (no acceptable host key)
ERR [20210113-09:14:14.667] thr=9   paramiko.transport: Traceback (most recent call last):
ERR [20210113-09:14:14.667] thr=9   paramiko.transport:   File "/usr/lib/python3/dist-packages/paramiko/transport.py", line 2083, in run
ERR [20210113-09:14:14.667] thr=9   paramiko.transport:     self._handler_table[ptype](self, m)
ERR [20210113-09:14:14.667] thr=9   paramiko.transport:   File "/usr/lib/python3/dist-packages/paramiko/transport.py", line 2198, in _negotiate_keys
ERR [20210113-09:14:14.668] thr=9   paramiko.transport:     self._parse_kex_init(m)
ERR [20210113-09:14:14.668] thr=9   paramiko.transport:   File "/usr/lib/python3/dist-packages/paramiko/transport.py", line 2377, in _parse_kex_init
ERR [20210113-09:14:14.668] thr=9   paramiko.transport:     raise SSHException(
ERR [20210113-09:14:14.668] thr=9   paramiko.transport: paramiko.ssh_exception.SSHException: Incompatible ssh peer (no acceptable host key)
ERR [20210113-09:14:14.668] thr=9   paramiko.transport: 
DEB [20210113-09:14:26.720] thr=10  paramiko.transport: starting thread (server mode): 0x917b7e20
DEB [20210113-09:14:26.721] thr=10  paramiko.transport: EOF in transport thread
DEB [20210113-09:18:01.724] thr=1   paramiko.transport: starting thread (server mode): 0x1ee1ba60
DEB [20210113-09:18:01.725] thr=1   paramiko.transport: Local version/idstring: SSH-2.0-OpenSSH_6.6.1p1 Ubuntu-2ubuntu2
DEB [20210113-09:18:01.725] thr=1   paramiko.transport: Remote version/idstring: SSH-2.0-OpenSSH_8.4p1 Debian-3
INF [20210113-09:18:01.725] thr=1   paramiko.transport: Connected (version 2.0, client OpenSSH_8.4p1)
DEB [20210113-09:18:02.115] thr=1   paramiko.transport: kex algos:['curve25519-sha256', 'curve25519-sha256@libssh.org', 'ecdh-sha2-nistp256', 'ecdh-sha2-nistp384', 'ecdh-sha2-nistp521', 'diffie-hellman-group-exchange-sha256', 'diffie-hellman-group16-sha512', 'diffie-hellman-group18-sha512', 'diffie-hellman-group14-sha256', 'ext-info-c'] server key:['rsa-sha2-512-cert-v01@openssh.com', 'rsa-sha2-256-cert-v01@openssh.com', 'ssh-rsa-cert-v01@openssh.com', 'rsa-sha2-512', 'rsa-sha2-256', 'ssh-rsa', 'ecdsa-sha2-nistp256-cert-v01@openssh.com', 'ecdsa-sha2-nistp384-cert-v01@openssh.com', 'ecdsa-sha2-nistp521-cert-v01@openssh.com', 'sk-ecdsa-sha2-nistp256-cert-v01@openssh.com', 'ssh-ed25519-cert-v01@openssh.com', 'sk-ssh-ed25519-cert-v01@openssh.com', 'ecdsa-sha2-nistp256', 'ecdsa-sha2-nistp384', 'ecdsa-sha2-nistp521', 'sk-ecdsa-sha2-nistp256@openssh.com', 'ssh-ed25519', 'sk-ssh-ed25519@openssh.com'] client encrypt:['chacha20-poly1305@openssh.com', 'aes128-ctr', 'aes192-ctr', 'aes256-ctr', 'aes128-gcm@openssh.com', 'aes256-gcm@openssh.com'] server encrypt:['chacha20-poly1305@openssh.com', 'aes128-ctr', 'aes192-ctr', 'aes256-ctr', 'aes128-gcm@openssh.com', 'aes256-gcm@openssh.com'] client mac:['umac-64-etm@openssh.com', 'umac-128-etm@openssh.com', 'hmac-sha2-256-etm@openssh.com', 'hmac-sha2-512-etm@openssh.com', 'hmac-sha1-etm@openssh.com', 'umac-64@openssh.com', 'umac-128@openssh.com', 'hmac-sha2-256', 'hmac-sha2-512', 'hmac-sha1'] server mac:['umac-64-etm@openssh.com', 'umac-128-etm@openssh.com', 'hmac-sha2-256-etm@openssh.com', 'hmac-sha2-512-etm@openssh.com', 'hmac-sha1-etm@openssh.com', 'umac-64@openssh.com', 'umac-128@openssh.com', 'hmac-sha2-256', 'hmac-sha2-512', 'hmac-sha1'] client compress:['none', 'zlib@openssh.com', 'zlib'] server compress:['none', 'zlib@openssh.com', 'zlib'] client lang:[''] server lang:[''] kex follows?False
DEB [20210113-09:18:02.115] thr=1   paramiko.transport: Kex agreed: curve25519-sha256@libssh.org
DEB [20210113-09:18:02.116] thr=1   paramiko.transport: HostKey agreed: ssh-rsa
DEB [20210113-09:18:02.116] thr=1   paramiko.transport: Cipher agreed: aes128-ctr
DEB [20210113-09:18:02.116] thr=1   paramiko.transport: MAC agreed: hmac-sha2-256-etm@openssh.com
DEB [20210113-09:18:02.116] thr=1   paramiko.transport: Compression agreed: none
DEB [20210113-09:18:02.135] thr=1   paramiko.transport: kex engine KexCurve25519 specified hash_algo <built-in function openssl_sha256>
DEB [20210113-09:18:02.144] thr=1   paramiko.transport: Switch to new keys ...
DEB [20210113-09:18:02.146] thr=1   paramiko.transport: Auth request (type=none) service=ssh-connection, username=test
INF [20210113-09:18:02.146] thr=1   paramiko.transport: Auth rejected (none).
DEB [20210113-09:18:12.315] thr=1   paramiko.transport: Auth request (type=password) service=ssh-connection, username=test
INF [20210113-09:18:12.316] thr=1   paramiko.transport: Auth rejected (password).
DEB [20210113-09:18:13.343] thr=1   paramiko.transport: Auth request (type=password) service=ssh-connection, username=test
INF [20210113-09:18:13.345] thr=1   paramiko.transport: Auth rejected (password).
DEB [20210113-09:18:13.737] thr=1   paramiko.transport: Auth request (type=password) service=ssh-connection, username=test
INF [20210113-09:18:13.738] thr=1   paramiko.transport: Auth rejected (password).
DEB [20210113-09:18:13.739] thr=1   paramiko.transport: EOF in transport thread
DEB [20210113-09:19:41.742] thr=1   paramiko.transport: starting thread (server mode): 0xb8794a60
DEB [20210113-09:19:41.742] thr=1   paramiko.transport: Local version/idstring: SSH-2.0-OpenSSH_6.6.1p1 Ubuntu-2ubuntu2
DEB [20210113-09:19:41.743] thr=1   paramiko.transport: Remote version/idstring: SSH-2.0-OpenSSH_8.4p1 Debian-3
INF [20210113-09:19:41.743] thr=1   paramiko.transport: Connected (version 2.0, client OpenSSH_8.4p1)
DEB [20210113-09:19:41.745] thr=1   paramiko.transport: kex algos:['curve25519-sha256', 'curve25519-sha256@libssh.org', 'ecdh-sha2-nistp256', 'ecdh-sha2-nistp384', 'ecdh-sha2-nistp521', 'diffie-hellman-group-exchange-sha256', 'diffie-hellman-group16-sha512', 'diffie-hellman-group18-sha512', 'diffie-hellman-group14-sha256', 'ext-info-c'] server key:['rsa-sha2-512-cert-v01@openssh.com', 'rsa-sha2-256-cert-v01@openssh.com', 'ssh-rsa-cert-v01@openssh.com', 'rsa-sha2-512', 'rsa-sha2-256', 'ssh-rsa', 'ecdsa-sha2-nistp256-cert-v01@openssh.com', 'ecdsa-sha2-nistp384-cert-v01@openssh.com', 'ecdsa-sha2-nistp521-cert-v01@openssh.com', 'sk-ecdsa-sha2-nistp256-cert-v01@openssh.com', 'ssh-ed25519-cert-v01@openssh.com', 'sk-ssh-ed25519-cert-v01@openssh.com', 'ecdsa-sha2-nistp256', 'ecdsa-sha2-nistp384', 'ecdsa-sha2-nistp521', 'sk-ecdsa-sha2-nistp256@openssh.com', 'ssh-ed25519', 'sk-ssh-ed25519@openssh.com'] client encrypt:['chacha20-poly1305@openssh.com', 'aes128-ctr', 'aes192-ctr', 'aes256-ctr', 'aes128-gcm@openssh.com', 'aes256-gcm@openssh.com'] server encrypt:['chacha20-poly1305@openssh.com', 'aes128-ctr', 'aes192-ctr', 'aes256-ctr', 'aes128-gcm@openssh.com', 'aes256-gcm@openssh.com'] client mac:['umac-64-etm@openssh.com', 'umac-128-etm@openssh.com', 'hmac-sha2-256-etm@openssh.com', 'hmac-sha2-512-etm@openssh.com', 'hmac-sha1-etm@openssh.com', 'umac-64@openssh.com', 'umac-128@openssh.com', 'hmac-sha2-256', 'hmac-sha2-512', 'hmac-sha1'] server mac:['umac-64-etm@openssh.com', 'umac-128-etm@openssh.com', 'hmac-sha2-256-etm@openssh.com', 'hmac-sha2-512-etm@openssh.com', 'hmac-sha1-etm@openssh.com', 'umac-64@openssh.com', 'umac-128@openssh.com', 'hmac-sha2-256', 'hmac-sha2-512', 'hmac-sha1'] client compress:['none', 'zlib@openssh.com', 'zlib'] server compress:['none', 'zlib@openssh.com', 'zlib'] client lang:[''] server lang:[''] kex follows?False
DEB [20210113-09:19:41.745] thr=1   paramiko.transport: Kex agreed: curve25519-sha256@libssh.org
DEB [20210113-09:19:41.745] thr=1   paramiko.transport: HostKey agreed: ssh-rsa
DEB [20210113-09:19:41.746] thr=1   paramiko.transport: Cipher agreed: aes128-ctr
DEB [20210113-09:19:41.746] thr=1   paramiko.transport: MAC agreed: hmac-sha2-256-etm@openssh.com
DEB [20210113-09:19:41.746] thr=1   paramiko.transport: Compression agreed: none
DEB [20210113-09:19:41.765] thr=1   paramiko.transport: kex engine KexCurve25519 specified hash_algo <built-in function openssl_sha256>
DEB [20210113-09:19:41.774] thr=1   paramiko.transport: Switch to new keys ...
DEB [20210113-09:19:41.778] thr=1   paramiko.transport: Auth request (type=none) service=ssh-connection, username=test
INF [20210113-09:19:41.778] thr=1   paramiko.transport: Auth rejected (none).
DEB [20210113-09:19:41.779] thr=1   paramiko.transport: Auth request (type=publickey) service=ssh-connection, username=test
INF [20210113-09:19:42.011] thr=1   paramiko.transport: Auth rejected (publickey).
DEB [20210113-09:19:42.011] thr=1   paramiko.transport: Auth request (type=publickey) service=ssh-connection, username=test
INF [20210113-09:19:42.225] thr=1   paramiko.transport: Auth rejected (publickey).
DEB [20210113-09:19:42.225] thr=1   paramiko.transport: Auth request (type=publickey) service=ssh-connection, username=test
INF [20210113-09:19:42.438] thr=1   paramiko.transport: Auth rejected (publickey).
DEB [20210113-09:19:42.440] thr=1   paramiko.transport: EOF in transport thread
